{"C:\\Users\\pfabr\\Documents\\Github\\ValorantCompGenerator\\src\\App.vue": {"path":"C:\\Users\\pfabr\\Documents\\Github\\ValorantCompGenerator\\src\\App.vue","all":false,"statementMap":{"0":{"start":{"line":1,"column":0},"end":{"line":1,"column":10}},"1":{"start":{"line":2,"column":0},"end":{"line":2,"column":19}},"2":{"start":{"line":3,"column":0},"end":{"line":3,"column":37}},"4":{"start":{"line":5,"column":0},"end":{"line":5,"column":53}},"5":{"start":{"line":6,"column":0},"end":{"line":6,"column":33}},"6":{"start":{"line":7,"column":0},"end":{"line":7,"column":27}},"7":{"start":{"line":8,"column":0},"end":{"line":8,"column":35}},"8":{"start":{"line":9,"column":0},"end":{"line":9,"column":35}},"9":{"start":{"line":10,"column":0},"end":{"line":10,"column":84}},"10":{"start":{"line":11,"column":0},"end":{"line":11,"column":19}},"11":{"start":{"line":12,"column":0},"end":{"line":12,"column":37}},"12":{"start":{"line":13,"column":0},"end":{"line":13,"column":39}},"13":{"start":{"line":14,"column":0},"end":{"line":14,"column":26}},"14":{"start":{"line":15,"column":0},"end":{"line":15,"column":50}},"15":{"start":{"line":16,"column":0},"end":{"line":16,"column":22}},"16":{"start":{"line":17,"column":0},"end":{"line":17,"column":14}},"17":{"start":{"line":18,"column":0},"end":{"line":18,"column":16}},"18":{"start":{"line":19,"column":0},"end":{"line":19,"column":14}},"19":{"start":{"line":20,"column":0},"end":{"line":20,"column":12}},"21":{"start":{"line":22,"column":0},"end":{"line":22,"column":29}},"22":{"start":{"line":23,"column":0},"end":{"line":23,"column":27}},"23":{"start":{"line":24,"column":0},"end":{"line":24,"column":35}},"24":{"start":{"line":25,"column":0},"end":{"line":25,"column":36}},"25":{"start":{"line":26,"column":0},"end":{"line":26,"column":69}},"26":{"start":{"line":27,"column":0},"end":{"line":27,"column":19}},"27":{"start":{"line":28,"column":0},"end":{"line":28,"column":25}},"28":{"start":{"line":29,"column":0},"end":{"line":29,"column":37}},"29":{"start":{"line":30,"column":0},"end":{"line":30,"column":28}},"30":{"start":{"line":31,"column":0},"end":{"line":31,"column":27}},"31":{"start":{"line":32,"column":0},"end":{"line":32,"column":25}},"32":{"start":{"line":33,"column":0},"end":{"line":33,"column":14}},"33":{"start":{"line":34,"column":0},"end":{"line":34,"column":68}},"34":{"start":{"line":35,"column":0},"end":{"line":35,"column":16}},"35":{"start":{"line":36,"column":0},"end":{"line":36,"column":14}},"36":{"start":{"line":37,"column":0},"end":{"line":37,"column":12}},"38":{"start":{"line":39,"column":0},"end":{"line":39,"column":30}},"39":{"start":{"line":40,"column":0},"end":{"line":40,"column":27}},"40":{"start":{"line":41,"column":0},"end":{"line":41,"column":78}},"41":{"start":{"line":42,"column":0},"end":{"line":42,"column":45}},"42":{"start":{"line":43,"column":0},"end":{"line":43,"column":84}},"43":{"start":{"line":44,"column":0},"end":{"line":44,"column":14}},"44":{"start":{"line":45,"column":0},"end":{"line":45,"column":63}},"45":{"start":{"line":46,"column":0},"end":{"line":46,"column":44}},"46":{"start":{"line":47,"column":0},"end":{"line":47,"column":37}},"47":{"start":{"line":48,"column":0},"end":{"line":48,"column":21}},"48":{"start":{"line":49,"column":0},"end":{"line":49,"column":31}},"49":{"start":{"line":50,"column":0},"end":{"line":50,"column":36}},"50":{"start":{"line":51,"column":0},"end":{"line":51,"column":29}},"51":{"start":{"line":52,"column":0},"end":{"line":52,"column":29}},"52":{"start":{"line":53,"column":0},"end":{"line":53,"column":32}},"53":{"start":{"line":54,"column":0},"end":{"line":54,"column":16}},"54":{"start":{"line":55,"column":0},"end":{"line":55,"column":86}},"55":{"start":{"line":56,"column":0},"end":{"line":56,"column":18}},"56":{"start":{"line":57,"column":0},"end":{"line":57,"column":37}},"57":{"start":{"line":58,"column":0},"end":{"line":58,"column":21}},"58":{"start":{"line":59,"column":0},"end":{"line":59,"column":35}},"59":{"start":{"line":60,"column":0},"end":{"line":60,"column":36}},"60":{"start":{"line":61,"column":0},"end":{"line":61,"column":31}},"61":{"start":{"line":62,"column":0},"end":{"line":62,"column":29}},"62":{"start":{"line":63,"column":0},"end":{"line":63,"column":32}},"63":{"start":{"line":64,"column":0},"end":{"line":64,"column":16}},"64":{"start":{"line":65,"column":0},"end":{"line":65,"column":89}},"65":{"start":{"line":66,"column":0},"end":{"line":66,"column":18}},"66":{"start":{"line":67,"column":0},"end":{"line":67,"column":37}},"67":{"start":{"line":68,"column":0},"end":{"line":68,"column":21}},"68":{"start":{"line":69,"column":0},"end":{"line":69,"column":33}},"69":{"start":{"line":70,"column":0},"end":{"line":70,"column":36}},"70":{"start":{"line":71,"column":0},"end":{"line":71,"column":29}},"71":{"start":{"line":72,"column":0},"end":{"line":72,"column":29}},"72":{"start":{"line":73,"column":0},"end":{"line":73,"column":32}},"73":{"start":{"line":74,"column":0},"end":{"line":74,"column":16}},"74":{"start":{"line":75,"column":0},"end":{"line":75,"column":86}},"75":{"start":{"line":76,"column":0},"end":{"line":76,"column":18}},"76":{"start":{"line":77,"column":0},"end":{"line":77,"column":16}},"78":{"start":{"line":79,"column":0},"end":{"line":79,"column":71}},"79":{"start":{"line":80,"column":0},"end":{"line":80,"column":110}},"80":{"start":{"line":81,"column":0},"end":{"line":81,"column":37}},"81":{"start":{"line":82,"column":0},"end":{"line":82,"column":88}},"82":{"start":{"line":83,"column":0},"end":{"line":83,"column":59}},"83":{"start":{"line":84,"column":0},"end":{"line":84,"column":45}},"84":{"start":{"line":85,"column":0},"end":{"line":85,"column":98}},"85":{"start":{"line":86,"column":0},"end":{"line":86,"column":27}},"86":{"start":{"line":87,"column":0},"end":{"line":87,"column":49}},"87":{"start":{"line":88,"column":0},"end":{"line":88,"column":50}},"88":{"start":{"line":89,"column":0},"end":{"line":89,"column":41}},"89":{"start":{"line":90,"column":0},"end":{"line":90,"column":34}},"90":{"start":{"line":91,"column":0},"end":{"line":91,"column":45}},"91":{"start":{"line":92,"column":0},"end":{"line":92,"column":22}},"92":{"start":{"line":93,"column":0},"end":{"line":93,"column":76}},"93":{"start":{"line":94,"column":0},"end":{"line":94,"column":98}},"94":{"start":{"line":95,"column":0},"end":{"line":95,"column":51}},"95":{"start":{"line":96,"column":0},"end":{"line":96,"column":28}},"96":{"start":{"line":97,"column":0},"end":{"line":97,"column":24}},"97":{"start":{"line":98,"column":0},"end":{"line":98,"column":22}},"98":{"start":{"line":99,"column":0},"end":{"line":99,"column":41}},"99":{"start":{"line":100,"column":0},"end":{"line":100,"column":44}},"100":{"start":{"line":101,"column":0},"end":{"line":101,"column":27}},"101":{"start":{"line":102,"column":0},"end":{"line":102,"column":45}},"102":{"start":{"line":103,"column":0},"end":{"line":103,"column":50}},"103":{"start":{"line":104,"column":0},"end":{"line":104,"column":30}},"104":{"start":{"line":105,"column":0},"end":{"line":105,"column":34}},"105":{"start":{"line":106,"column":0},"end":{"line":106,"column":45}},"106":{"start":{"line":107,"column":0},"end":{"line":107,"column":29}},"107":{"start":{"line":108,"column":0},"end":{"line":108,"column":22}},"108":{"start":{"line":109,"column":0},"end":{"line":109,"column":80}},"109":{"start":{"line":110,"column":0},"end":{"line":110,"column":42}},"110":{"start":{"line":111,"column":0},"end":{"line":111,"column":28}},"111":{"start":{"line":112,"column":0},"end":{"line":112,"column":24}},"112":{"start":{"line":113,"column":0},"end":{"line":113,"column":22}},"113":{"start":{"line":114,"column":0},"end":{"line":114,"column":20}},"114":{"start":{"line":115,"column":0},"end":{"line":115,"column":18}},"115":{"start":{"line":116,"column":0},"end":{"line":116,"column":16}},"116":{"start":{"line":117,"column":0},"end":{"line":117,"column":14}},"117":{"start":{"line":118,"column":0},"end":{"line":118,"column":12}},"119":{"start":{"line":120,"column":0},"end":{"line":120,"column":30}},"120":{"start":{"line":121,"column":0},"end":{"line":121,"column":14}},"121":{"start":{"line":122,"column":0},"end":{"line":122,"column":37}},"122":{"start":{"line":123,"column":0},"end":{"line":123,"column":32}},"123":{"start":{"line":124,"column":0},"end":{"line":124,"column":28}},"124":{"start":{"line":125,"column":0},"end":{"line":125,"column":7}},"126":{"start":{"line":127,"column":0},"end":{"line":127,"column":15}},"127":{"start":{"line":128,"column":0},"end":{"line":128,"column":10}},"129":{"start":{"line":130,"column":0},"end":{"line":130,"column":27}},"130":{"start":{"line":131,"column":0},"end":{"line":131,"column":42}},"131":{"start":{"line":132,"column":0},"end":{"line":132,"column":40}},"132":{"start":{"line":133,"column":0},"end":{"line":133,"column":39}},"133":{"start":{"line":134,"column":0},"end":{"line":134,"column":98}},"134":{"start":{"line":135,"column":0},"end":{"line":135,"column":66}},"135":{"start":{"line":136,"column":0},"end":{"line":136,"column":40}},"136":{"start":{"line":137,"column":0},"end":{"line":137,"column":131}},"137":{"start":{"line":138,"column":0},"end":{"line":138,"column":81}},"138":{"start":{"line":139,"column":0},"end":{"line":139,"column":45}},"139":{"start":{"line":140,"column":0},"end":{"line":140,"column":18}},"140":{"start":{"line":141,"column":0},"end":{"line":141,"column":36}},"141":{"start":{"line":142,"column":0},"end":{"line":142,"column":78}},"142":{"start":{"line":143,"column":0},"end":{"line":143,"column":37}},"143":{"start":{"line":144,"column":0},"end":{"line":144,"column":21}},"144":{"start":{"line":145,"column":0},"end":{"line":145,"column":18}},"145":{"start":{"line":146,"column":0},"end":{"line":146,"column":16}},"146":{"start":{"line":147,"column":0},"end":{"line":147,"column":14}},"147":{"start":{"line":148,"column":0},"end":{"line":148,"column":12}},"149":{"start":{"line":150,"column":0},"end":{"line":150,"column":32}},"150":{"start":{"line":151,"column":0},"end":{"line":151,"column":34}},"151":{"start":{"line":152,"column":0},"end":{"line":152,"column":33}},"152":{"start":{"line":153,"column":0},"end":{"line":153,"column":82}},"153":{"start":{"line":154,"column":0},"end":{"line":154,"column":54}},"154":{"start":{"line":155,"column":0},"end":{"line":155,"column":50}},"155":{"start":{"line":156,"column":0},"end":{"line":156,"column":16}},"156":{"start":{"line":157,"column":0},"end":{"line":157,"column":14}},"157":{"start":{"line":158,"column":0},"end":{"line":158,"column":12}},"159":{"start":{"line":160,"column":0},"end":{"line":160,"column":56}},"161":{"start":{"line":162,"column":0},"end":{"line":162,"column":15}},"163":{"start":{"line":164,"column":0},"end":{"line":164,"column":125}},"165":{"start":{"line":166,"column":0},"end":{"line":166,"column":15}},"166":{"start":{"line":167,"column":0},"end":{"line":167,"column":10}},"167":{"start":{"line":168,"column":0},"end":{"line":168,"column":8}},"171":{"start":{"line":172,"column":0},"end":{"line":172,"column":85}},"172":{"start":{"line":173,"column":0},"end":{"line":173,"column":131}},"173":{"start":{"line":174,"column":0},"end":{"line":174,"column":29}},"175":{"start":{"line":176,"column":0},"end":{"line":176,"column":16}},"176":{"start":{"line":177,"column":0},"end":{"line":177,"column":33}},"177":{"start":{"line":178,"column":0},"end":{"line":178,"column":10}},"178":{"start":{"line":179,"column":0},"end":{"line":179,"column":12}},"179":{"start":{"line":180,"column":0},"end":{"line":180,"column":36}},"180":{"start":{"line":181,"column":0},"end":{"line":181,"column":12}},"181":{"start":{"line":182,"column":0},"end":{"line":182,"column":21}},"182":{"start":{"line":183,"column":0},"end":{"line":183,"column":23}},"183":{"start":{"line":184,"column":0},"end":{"line":184,"column":25}},"184":{"start":{"line":185,"column":0},"end":{"line":185,"column":28}},"185":{"start":{"line":186,"column":0},"end":{"line":186,"column":52}},"186":{"start":{"line":187,"column":0},"end":{"line":187,"column":22}},"187":{"start":{"line":188,"column":0},"end":{"line":188,"column":21}},"188":{"start":{"line":189,"column":0},"end":{"line":189,"column":21}},"189":{"start":{"line":190,"column":0},"end":{"line":190,"column":22}},"190":{"start":{"line":191,"column":0},"end":{"line":191,"column":25}},"191":{"start":{"line":192,"column":0},"end":{"line":192,"column":24}},"192":{"start":{"line":193,"column":0},"end":{"line":193,"column":22}},"193":{"start":{"line":194,"column":0},"end":{"line":194,"column":8}},"194":{"start":{"line":195,"column":0},"end":{"line":195,"column":19}},"195":{"start":{"line":196,"column":0},"end":{"line":196,"column":48}},"196":{"start":{"line":197,"column":0},"end":{"line":197,"column":60}},"197":{"start":{"line":198,"column":0},"end":{"line":198,"column":5}},"198":{"start":{"line":199,"column":0},"end":{"line":199,"column":4}},"199":{"start":{"line":200,"column":0},"end":{"line":200,"column":13}},"200":{"start":{"line":201,"column":0},"end":{"line":201,"column":19}},"201":{"start":{"line":202,"column":0},"end":{"line":202,"column":81}},"202":{"start":{"line":203,"column":0},"end":{"line":203,"column":52}},"203":{"start":{"line":204,"column":0},"end":{"line":204,"column":45}},"204":{"start":{"line":205,"column":0},"end":{"line":205,"column":5}},"205":{"start":{"line":206,"column":0},"end":{"line":206,"column":4}},"206":{"start":{"line":207,"column":0},"end":{"line":207,"column":12}},"207":{"start":{"line":208,"column":0},"end":{"line":208,"column":27}},"208":{"start":{"line":209,"column":0},"end":{"line":209,"column":39}},"209":{"start":{"line":210,"column":0},"end":{"line":210,"column":41}},"210":{"start":{"line":211,"column":0},"end":{"line":211,"column":36}},"211":{"start":{"line":212,"column":0},"end":{"line":212,"column":87}},"212":{"start":{"line":213,"column":0},"end":{"line":213,"column":7}},"214":{"start":{"line":215,"column":0},"end":{"line":215,"column":61}},"215":{"start":{"line":216,"column":0},"end":{"line":216,"column":55}},"217":{"start":{"line":218,"column":0},"end":{"line":218,"column":72}},"218":{"start":{"line":219,"column":0},"end":{"line":219,"column":95}},"220":{"start":{"line":221,"column":0},"end":{"line":221,"column":47}},"221":{"start":{"line":222,"column":0},"end":{"line":222,"column":28}},"223":{"start":{"line":224,"column":0},"end":{"line":224,"column":83}},"224":{"start":{"line":225,"column":0},"end":{"line":225,"column":35}},"226":{"start":{"line":227,"column":0},"end":{"line":227,"column":43}},"227":{"start":{"line":228,"column":0},"end":{"line":228,"column":62}},"228":{"start":{"line":229,"column":0},"end":{"line":229,"column":44}},"229":{"start":{"line":230,"column":0},"end":{"line":230,"column":41}},"230":{"start":{"line":231,"column":0},"end":{"line":231,"column":15}},"231":{"start":{"line":232,"column":0},"end":{"line":232,"column":25}},"232":{"start":{"line":233,"column":0},"end":{"line":233,"column":28}},"233":{"start":{"line":234,"column":0},"end":{"line":234,"column":28}},"234":{"start":{"line":235,"column":0},"end":{"line":235,"column":20}},"235":{"start":{"line":236,"column":0},"end":{"line":236,"column":10}},"237":{"start":{"line":238,"column":0},"end":{"line":238,"column":16}},"238":{"start":{"line":239,"column":0},"end":{"line":239,"column":32}},"239":{"start":{"line":240,"column":0},"end":{"line":240,"column":21}},"240":{"start":{"line":241,"column":0},"end":{"line":241,"column":22}},"241":{"start":{"line":242,"column":0},"end":{"line":242,"column":10}},"242":{"start":{"line":243,"column":0},"end":{"line":243,"column":9}},"244":{"start":{"line":245,"column":0},"end":{"line":245,"column":44}},"245":{"start":{"line":246,"column":0},"end":{"line":246,"column":46}},"246":{"start":{"line":247,"column":0},"end":{"line":247,"column":45}},"247":{"start":{"line":248,"column":0},"end":{"line":248,"column":44}},"248":{"start":{"line":249,"column":0},"end":{"line":249,"column":44}},"249":{"start":{"line":250,"column":0},"end":{"line":250,"column":9}},"250":{"start":{"line":251,"column":0},"end":{"line":251,"column":59}},"252":{"start":{"line":253,"column":0},"end":{"line":253,"column":64}},"253":{"start":{"line":254,"column":0},"end":{"line":254,"column":54}},"254":{"start":{"line":255,"column":0},"end":{"line":255,"column":80}},"255":{"start":{"line":256,"column":0},"end":{"line":256,"column":9}},"256":{"start":{"line":257,"column":0},"end":{"line":257,"column":9}},"258":{"start":{"line":259,"column":0},"end":{"line":259,"column":42}},"259":{"start":{"line":260,"column":0},"end":{"line":260,"column":62}},"261":{"start":{"line":262,"column":0},"end":{"line":262,"column":30}},"262":{"start":{"line":263,"column":0},"end":{"line":263,"column":6}},"264":{"start":{"line":265,"column":0},"end":{"line":265,"column":29}},"265":{"start":{"line":266,"column":0},"end":{"line":266,"column":51}},"266":{"start":{"line":267,"column":0},"end":{"line":267,"column":6}},"268":{"start":{"line":269,"column":0},"end":{"line":269,"column":22}},"269":{"start":{"line":270,"column":0},"end":{"line":270,"column":31}},"270":{"start":{"line":271,"column":0},"end":{"line":271,"column":28}},"271":{"start":{"line":272,"column":0},"end":{"line":272,"column":27}},"272":{"start":{"line":273,"column":0},"end":{"line":273,"column":76}},"273":{"start":{"line":274,"column":0},"end":{"line":274,"column":6}},"275":{"start":{"line":276,"column":0},"end":{"line":276,"column":24}},"276":{"start":{"line":277,"column":0},"end":{"line":277,"column":28}},"277":{"start":{"line":278,"column":0},"end":{"line":278,"column":5}},"278":{"start":{"line":279,"column":0},"end":{"line":279,"column":3}},"279":{"start":{"line":280,"column":0},"end":{"line":280,"column":1}}},"s":{"0":1,"1":1,"2":1,"4":1,"5":1,"6":1,"7":1,"8":1,"9":1,"10":1,"11":1,"12":1,"13":1,"14":1,"15":1,"16":1,"17":1,"18":1,"19":1,"21":1,"22":1,"23":1,"24":1,"25":1,"26":1,"27":1,"28":1,"29":1,"30":1,"31":1,"32":1,"33":1,"34":1,"35":1,"36":1,"38":1,"39":1,"40":1,"41":1,"42":1,"43":1,"44":1,"45":1,"46":1,"47":1,"48":1,"49":1,"50":1,"51":1,"52":1,"53":1,"54":1,"55":1,"56":1,"57":1,"58":1,"59":1,"60":1,"61":1,"62":1,"63":1,"64":1,"65":1,"66":1,"67":1,"68":1,"69":1,"70":1,"71":1,"72":1,"73":1,"74":1,"75":1,"76":1,"78":1,"79":1,"80":1,"81":1,"82":1,"83":1,"84":1,"85":1,"86":1,"87":1,"88":1,"89":1,"90":1,"91":1,"92":1,"93":1,"94":1,"95":1,"96":1,"97":1,"98":1,"99":1,"100":1,"101":1,"102":1,"103":1,"104":1,"105":1,"106":1,"107":1,"108":1,"109":1,"110":1,"111":1,"112":1,"113":1,"114":1,"115":1,"116":1,"117":1,"119":1,"120":1,"121":1,"122":1,"123":1,"124":1,"126":1,"127":1,"129":1,"130":1,"131":1,"132":1,"133":1,"134":1,"135":1,"136":1,"137":1,"138":1,"139":1,"140":1,"141":1,"142":1,"143":1,"144":1,"145":1,"146":1,"147":1,"149":1,"150":1,"151":1,"152":1,"153":1,"154":1,"155":1,"156":1,"157":1,"159":1,"161":1,"163":1,"165":1,"166":1,"167":1,"171":1,"172":1,"173":1,"175":1,"176":1,"177":1,"178":19,"179":19,"180":19,"181":19,"182":19,"183":19,"184":19,"185":19,"186":19,"187":19,"188":19,"189":19,"190":19,"191":19,"192":19,"193":19,"194":19,"195":19,"196":19,"197":19,"198":1,"199":1,"200":1,"201":93,"202":93,"203":93,"204":93,"205":1,"206":1,"207":1,"208":14,"209":14,"210":14,"211":0,"212":0,"214":14,"215":14,"217":14,"218":14,"220":14,"221":14,"223":14,"224":14,"226":14,"227":14,"228":70,"229":70,"230":70,"231":70,"232":70,"233":70,"234":70,"235":70,"237":70,"238":70,"239":70,"240":70,"241":70,"242":14,"244":14,"245":14,"246":70,"247":70,"248":50,"249":50,"250":70,"252":70,"253":70,"254":0,"255":0,"256":14,"258":14,"259":14,"261":14,"262":1,"264":1,"265":26,"266":1,"268":1,"269":6,"270":6,"271":6,"272":6,"273":1,"275":1,"276":1,"277":1,"278":1,"279":1},"branchMap":{"0":{"type":"branch","line":178,"loc":{"start":{"line":178,"column":2},"end":{"line":199,"column":3}},"locations":[{"start":{"line":178,"column":2},"end":{"line":199,"column":3}}]},"1":{"type":"branch","line":201,"loc":{"start":{"line":201,"column":4},"end":{"line":205,"column":5}},"locations":[{"start":{"line":201,"column":4},"end":{"line":205,"column":5}}]},"2":{"type":"branch","line":204,"loc":{"start":{"line":204,"column":29},"end":{"line":204,"column":44}},"locations":[{"start":{"line":204,"column":29},"end":{"line":204,"column":44}}]},"3":{"type":"branch","line":202,"loc":{"start":{"line":202,"column":49},"end":{"line":202,"column":79}},"locations":[{"start":{"line":202,"column":49},"end":{"line":202,"column":79}}]},"4":{"type":"branch","line":208,"loc":{"start":{"line":208,"column":4},"end":{"line":263,"column":5}},"locations":[{"start":{"line":208,"column":4},"end":{"line":263,"column":5}}]},"5":{"type":"branch","line":211,"loc":{"start":{"line":211,"column":35},"end":{"line":213,"column":7}},"locations":[{"start":{"line":211,"column":35},"end":{"line":213,"column":7}}]},"6":{"type":"branch","line":228,"loc":{"start":{"line":228,"column":42},"end":{"line":243,"column":7}},"locations":[{"start":{"line":228,"column":42},"end":{"line":243,"column":7}}]},"7":{"type":"branch","line":246,"loc":{"start":{"line":246,"column":31},"end":{"line":257,"column":7}},"locations":[{"start":{"line":246,"column":31},"end":{"line":257,"column":7}}]},"8":{"type":"branch","line":248,"loc":{"start":{"line":248,"column":43},"end":{"line":250,"column":9}},"locations":[{"start":{"line":248,"column":43},"end":{"line":250,"column":9}}]},"9":{"type":"branch","line":254,"loc":{"start":{"line":254,"column":53},"end":{"line":256,"column":9}},"locations":[{"start":{"line":254,"column":53},"end":{"line":256,"column":9}}]},"10":{"type":"branch","line":265,"loc":{"start":{"line":265,"column":4},"end":{"line":267,"column":5}},"locations":[{"start":{"line":265,"column":4},"end":{"line":267,"column":5}}]},"11":{"type":"branch","line":269,"loc":{"start":{"line":269,"column":4},"end":{"line":274,"column":5}},"locations":[{"start":{"line":269,"column":4},"end":{"line":274,"column":5}}]},"12":{"type":"branch","line":276,"loc":{"start":{"line":276,"column":4},"end":{"line":278,"column":5}},"locations":[{"start":{"line":276,"column":4},"end":{"line":278,"column":5}}]},"13":{"type":"branch","line":3,"loc":{"start":{"line":3,"column":4},"end":{"line":3,"column":37}},"locations":[{"start":{"line":3,"column":4},"end":{"line":3,"column":37}}]},"14":{"type":"branch","line":8,"loc":{"start":{"line":8,"column":8},"end":{"line":8,"column":35}},"locations":[{"start":{"line":8,"column":8},"end":{"line":8,"column":35}}]},"15":{"type":"branch","line":24,"loc":{"start":{"line":24,"column":8},"end":{"line":24,"column":35}},"locations":[{"start":{"line":24,"column":8},"end":{"line":24,"column":35}}]},"16":{"type":"branch","line":41,"loc":{"start":{"line":41,"column":42},"end":{"line":41,"column":78}},"locations":[{"start":{"line":41,"column":42},"end":{"line":41,"column":78}}]},"17":{"type":"branch","line":42,"loc":{"start":{"line":42,"column":10},"end":{"line":42,"column":45}},"locations":[{"start":{"line":42,"column":10},"end":{"line":42,"column":45}}]},"18":{"type":"branch","line":50,"loc":{"start":{"line":50,"column":25},"end":{"line":50,"column":36}},"locations":[{"start":{"line":50,"column":25},"end":{"line":50,"column":36}}]},"19":{"type":"branch","line":55,"loc":{"start":{"line":55,"column":14},"end":{"line":55,"column":86}},"locations":[{"start":{"line":55,"column":14},"end":{"line":55,"column":86}}]},"20":{"type":"branch","line":60,"loc":{"start":{"line":60,"column":25},"end":{"line":60,"column":36}},"locations":[{"start":{"line":60,"column":25},"end":{"line":60,"column":36}}]},"21":{"type":"branch","line":65,"loc":{"start":{"line":65,"column":14},"end":{"line":65,"column":89}},"locations":[{"start":{"line":65,"column":14},"end":{"line":65,"column":89}}]},"22":{"type":"branch","line":70,"loc":{"start":{"line":70,"column":25},"end":{"line":70,"column":36}},"locations":[{"start":{"line":70,"column":25},"end":{"line":70,"column":36}}]},"23":{"type":"branch","line":75,"loc":{"start":{"line":75,"column":14},"end":{"line":75,"column":86}},"locations":[{"start":{"line":75,"column":14},"end":{"line":75,"column":86}}]},"24":{"type":"branch","line":122,"loc":{"start":{"line":122,"column":14},"end":{"line":122,"column":37}},"locations":[{"start":{"line":122,"column":14},"end":{"line":122,"column":37}}]},"25":{"type":"branch","line":132,"loc":{"start":{"line":132,"column":6},"end":{"line":132,"column":40}},"locations":[{"start":{"line":132,"column":6},"end":{"line":132,"column":40}}]},"26":{"type":"branch","line":151,"loc":{"start":{"line":151,"column":8},"end":{"line":151,"column":34}},"locations":[{"start":{"line":151,"column":8},"end":{"line":151,"column":34}}]},"27":{"type":"branch","line":160,"loc":{"start":{"line":160,"column":20},"end":{"line":160,"column":38}},"locations":[{"start":{"line":160,"column":20},"end":{"line":160,"column":38}}]},"28":{"type":"branch","line":164,"loc":{"start":{"line":164,"column":20},"end":{"line":164,"column":40}},"locations":[{"start":{"line":164,"column":20},"end":{"line":164,"column":40}}]},"29":{"type":"branch","line":13,"loc":{"start":{"line":13,"column":23},"end":{"line":13,"column":39}},"locations":[{"start":{"line":13,"column":23},"end":{"line":13,"column":39}}]},"30":{"type":"branch","line":29,"loc":{"start":{"line":29,"column":23},"end":{"line":29,"column":37}},"locations":[{"start":{"line":29,"column":23},"end":{"line":29,"column":37}}]},"31":{"type":"branch","line":29,"loc":{"start":{"line":29,"column":23},"end":{"line":29,"column":37}},"locations":[{"start":{"line":29,"column":23},"end":{"line":29,"column":37}}]},"32":{"type":"branch","line":41,"loc":{"start":{"line":41,"column":42},"end":{"line":41,"column":78}},"locations":[{"start":{"line":41,"column":42},"end":{"line":41,"column":78}}]},"33":{"type":"branch","line":70,"loc":{"start":{"line":70,"column":25},"end":{"line":70,"column":36}},"locations":[{"start":{"line":70,"column":25},"end":{"line":70,"column":36}}]},"34":{"type":"branch","line":122,"loc":{"start":{"line":122,"column":14},"end":{"line":122,"column":37}},"locations":[{"start":{"line":122,"column":14},"end":{"line":122,"column":37}}]},"35":{"type":"branch","line":160,"loc":{"start":{"line":160,"column":20},"end":{"line":160,"column":38}},"locations":[{"start":{"line":160,"column":20},"end":{"line":160,"column":38}}]},"36":{"type":"branch","line":164,"loc":{"start":{"line":164,"column":20},"end":{"line":164,"column":40}},"locations":[{"start":{"line":164,"column":20},"end":{"line":164,"column":40}}]}},"b":{"0":[19],"1":[93],"2":[23],"3":[310],"4":[14],"5":[0],"6":[70],"7":[70],"8":[50],"9":[0],"10":[26],"11":[6],"12":[1],"13":[19],"14":[19],"15":[19],"16":[19],"17":[19],"18":[2],"19":[2],"20":[2],"21":[2],"22":[2],"23":[2],"24":[19],"25":[10],"26":[10],"27":[10],"28":[10],"29":[62],"30":[19],"31":[12],"32":[2],"33":[1],"34":[14],"35":[6],"36":[1]},"fnMap":{"0":{"name":"data","decl":{"start":{"line":178,"column":2},"end":{"line":199,"column":3}},"loc":{"start":{"line":178,"column":2},"end":{"line":199,"column":3}},"line":178},"1":{"name":"canGenerate","decl":{"start":{"line":201,"column":4},"end":{"line":205,"column":5}},"loc":{"start":{"line":201,"column":4},"end":{"line":205,"column":5}},"line":201},"2":{"name":"generateComposition","decl":{"start":{"line":208,"column":4},"end":{"line":263,"column":5}},"loc":{"start":{"line":208,"column":4},"end":{"line":263,"column":5}},"line":208},"3":{"name":"getAgentIcon","decl":{"start":{"line":265,"column":4},"end":{"line":267,"column":5}},"loc":{"start":{"line":265,"column":4},"end":{"line":267,"column":5}},"line":265},"4":{"name":"resetGenerator","decl":{"start":{"line":269,"column":4},"end":{"line":274,"column":5}},"loc":{"start":{"line":269,"column":4},"end":{"line":274,"column":5}},"line":269},"5":{"name":"clearRoleHistory","decl":{"start":{"line":276,"column":4},"end":{"line":278,"column":5}},"loc":{"start":{"line":276,"column":4},"end":{"line":278,"column":5}},"line":276},"6":{"name":"onUpdate:modelValue","decl":{"start":{"line":13,"column":23},"end":{"line":13,"column":39}},"loc":{"start":{"line":13,"column":23},"end":{"line":13,"column":39}},"line":13},"7":{"name":"__vite_ssr_import_3__.createElementBlock.__vite_ssr_import_3__.withDirectives.__vite_ssr_import_3__.createElementVNode.onUpdate:modelValue._cache.<computed>._cache.<computed>","decl":{"start":{"line":29,"column":23},"end":{"line":29,"column":37}},"loc":{"start":{"line":29,"column":23},"end":{"line":29,"column":37}},"line":29},"8":{"name":"__vite_ssr_import_3__.createElementBlock.__vite_ssr_import_3__.createElementBlock.__vite_ssr_import_3__.createElementVNode.__vite_ssr_import_3__.createElementVNode.onClick._cache.<computed>._cache.<computed>","decl":{"start":{"line":41,"column":42},"end":{"line":41,"column":78}},"loc":{"start":{"line":41,"column":42},"end":{"line":41,"column":78}},"line":41},"9":{"name":"__vite_ssr_import_3__.createElementBlock.__vite_ssr_import_3__.createElementBlock.__vite_ssr_import_3__.createElementVNode.__vite_ssr_import_3__.createElementBlock.__vite_ssr_import_3__.createElementVNode.__vite_ssr_import_3__.createElementVNode.__vite_ssr_import_3__.withDirectives.__vite_ssr_import_3__.createElementVNode.onUpdate:modelValue._cache.<computed>._cache.<computed>","decl":{"start":{"line":50,"column":25},"end":{"line":50,"column":36}},"loc":{"start":{"line":50,"column":25},"end":{"line":50,"column":36}},"line":50},"10":{"name":"__vite_ssr_import_3__.createElementBlock.__vite_ssr_import_3__.createElementBlock.__vite_ssr_import_3__.createElementVNode.__vite_ssr_import_3__.createElementBlock.__vite_ssr_import_3__.createElementVNode.__vite_ssr_import_3__.createElementVNode.__vite_ssr_import_3__.withDirectives.__vite_ssr_import_3__.createElementVNode.onUpdate:modelValue._cache.<computed>._cache.<computed>","decl":{"start":{"line":60,"column":25},"end":{"line":60,"column":36}},"loc":{"start":{"line":60,"column":25},"end":{"line":60,"column":36}},"line":60},"11":{"name":"__vite_ssr_import_3__.createElementBlock.__vite_ssr_import_3__.createElementBlock.__vite_ssr_import_3__.createElementVNode.__vite_ssr_import_3__.createElementBlock.__vite_ssr_import_3__.createElementVNode.__vite_ssr_import_3__.createElementVNode.__vite_ssr_import_3__.withDirectives.__vite_ssr_import_3__.createElementVNode.onUpdate:modelValue._cache.<computed>._cache.<computed>","decl":{"start":{"line":70,"column":25},"end":{"line":70,"column":36}},"loc":{"start":{"line":70,"column":25},"end":{"line":70,"column":36}},"line":70},"12":{"name":"onUpdate:modelValue","decl":{"start":{"line":88,"column":31},"end":{"line":88,"column":50}},"loc":{"start":{"line":88,"column":31},"end":{"line":88,"column":50}},"line":88},"13":{"name":"onUpdate:modelValue","decl":{"start":{"line":103,"column":31},"end":{"line":103,"column":50}},"loc":{"start":{"line":103,"column":31},"end":{"line":103,"column":50}},"line":103},"14":{"name":"__vite_ssr_import_3__.createElementBlock.__vite_ssr_import_3__.createElementBlock.__vite_ssr_import_3__.createElementVNode.onClick._cache.<computed>._cache.<computed>","decl":{"start":{"line":122,"column":14},"end":{"line":122,"column":37}},"loc":{"start":{"line":122,"column":14},"end":{"line":122,"column":37}},"line":122},"15":{"name":"__vite_ssr_import_3__.createElementBlock.__vite_ssr_import_3__.createElementBlock.__vite_ssr_import_3__.createElementVNode.__vite_ssr_import_3__.createElementVNode.onClick._cache.<computed>._cache.<computed>","decl":{"start":{"line":160,"column":20},"end":{"line":160,"column":38}},"loc":{"start":{"line":160,"column":20},"end":{"line":160,"column":38}},"line":160},"16":{"name":"__vite_ssr_import_3__.createElementBlock.__vite_ssr_import_3__.createElementBlock.__vite_ssr_import_3__.createElementVNode.__vite_ssr_import_3__.createElementVNode.onClick._cache.<computed>._cache.<computed>","decl":{"start":{"line":164,"column":20},"end":{"line":164,"column":40}},"loc":{"start":{"line":164,"column":20},"end":{"line":164,"column":40}},"line":164}},"f":{"0":19,"1":93,"2":14,"3":26,"4":6,"5":1,"6":62,"7":12,"8":2,"9":0,"10":0,"11":1,"12":0,"13":0,"14":14,"15":6,"16":1}}
,"C:\\Users\\pfabr\\Documents\\Github\\ValorantCompGenerator\\src\\App_backup.vue": {"path":"C:\\Users\\pfabr\\Documents\\Github\\ValorantCompGenerator\\src\\App_backup.vue","all":true,"statementMap":{"0":{"start":{"line":1,"column":0},"end":{"line":1,"column":0}}},"s":{"0":0},"branchMap":{"0":{"type":"branch","line":1,"loc":{"start":{"line":1,"column":0},"end":{"line":1,"column":0}},"locations":[{"start":{"line":1,"column":0},"end":{"line":1,"column":0}}]}},"b":{"0":[0]},"fnMap":{"0":{"name":"(empty-report)","decl":{"start":{"line":1,"column":0},"end":{"line":1,"column":0}},"loc":{"start":{"line":1,"column":0},"end":{"line":1,"column":0}},"line":1}},"f":{"0":0}}
,"C:\\Users\\pfabr\\Documents\\Github\\ValorantCompGenerator\\src\\App_clean.vue": {"path":"C:\\Users\\pfabr\\Documents\\Github\\ValorantCompGenerator\\src\\App_clean.vue","all":true,"statementMap":{"0":{"start":{"line":1,"column":0},"end":{"line":1,"column":0}}},"s":{"0":0},"branchMap":{"0":{"type":"branch","line":1,"loc":{"start":{"line":1,"column":0},"end":{"line":1,"column":0}},"locations":[{"start":{"line":1,"column":0},"end":{"line":1,"column":0}}]}},"b":{"0":[0]},"fnMap":{"0":{"name":"(empty-report)","decl":{"start":{"line":1,"column":0},"end":{"line":1,"column":0}},"loc":{"start":{"line":1,"column":0},"end":{"line":1,"column":0}},"line":1}},"f":{"0":0}}
,"C:\\Users\\pfabr\\Documents\\Github\\ValorantCompGenerator\\src\\main.js": {"path":"C:\\Users\\pfabr\\Documents\\Github\\ValorantCompGenerator\\src\\main.js","all":true,"statementMap":{"0":{"start":{"line":1,"column":0},"end":{"line":1,"column":31}},"1":{"start":{"line":2,"column":0},"end":{"line":2,"column":20}},"2":{"start":{"line":3,"column":0},"end":{"line":3,"column":27}},"3":{"start":{"line":4,"column":0},"end":{"line":4,"column":0}},"4":{"start":{"line":5,"column":0},"end":{"line":5,"column":28}}},"s":{"0":0,"1":0,"2":0,"3":0,"4":0},"branchMap":{"0":{"type":"branch","line":1,"loc":{"start":{"line":1,"column":114},"end":{"line":5,"column":28}},"locations":[{"start":{"line":1,"column":114},"end":{"line":5,"column":28}}]}},"b":{"0":[0]},"fnMap":{"0":{"name":"(empty-report)","decl":{"start":{"line":1,"column":114},"end":{"line":5,"column":28}},"loc":{"start":{"line":1,"column":114},"end":{"line":5,"column":28}},"line":1}},"f":{"0":0}}
,"C:\\Users\\pfabr\\Documents\\Github\\ValorantCompGenerator\\src\\data\\agents.js": {"path":"C:\\Users\\pfabr\\Documents\\Github\\ValorantCompGenerator\\src\\data\\agents.js","all":false,"statementMap":{"0":{"start":{"line":1,"column":0},"end":{"line":1,"column":22}},"1":{"start":{"line":2,"column":0},"end":{"line":2,"column":29}},"2":{"start":{"line":3,"column":0},"end":{"line":3,"column":14}},"3":{"start":{"line":4,"column":0},"end":{"line":4,"column":35}},"4":{"start":{"line":5,"column":0},"end":{"line":5,"column":37}},"5":{"start":{"line":6,"column":0},"end":{"line":6,"column":41}},"6":{"start":{"line":7,"column":0},"end":{"line":7,"column":35}},"7":{"start":{"line":8,"column":0},"end":{"line":8,"column":35}},"8":{"start":{"line":9,"column":0},"end":{"line":9,"column":35}},"9":{"start":{"line":10,"column":0},"end":{"line":10,"column":33}},"10":{"start":{"line":11,"column":0},"end":{"line":11,"column":38}},"11":{"start":{"line":12,"column":0},"end":{"line":12,"column":4}},"12":{"start":{"line":13,"column":0},"end":{"line":13,"column":17}},"13":{"start":{"line":14,"column":0},"end":{"line":14,"column":45}},"14":{"start":{"line":15,"column":0},"end":{"line":15,"column":35}},"15":{"start":{"line":16,"column":0},"end":{"line":16,"column":37}},"16":{"start":{"line":17,"column":0},"end":{"line":17,"column":37}},"17":{"start":{"line":18,"column":0},"end":{"line":18,"column":39}},"18":{"start":{"line":19,"column":0},"end":{"line":19,"column":36}},"19":{"start":{"line":20,"column":0},"end":{"line":20,"column":4}},"20":{"start":{"line":21,"column":0},"end":{"line":21,"column":16}},"21":{"start":{"line":22,"column":0},"end":{"line":22,"column":35}},"22":{"start":{"line":23,"column":0},"end":{"line":23,"column":39}},"23":{"start":{"line":24,"column":0},"end":{"line":24,"column":35}},"24":{"start":{"line":25,"column":0},"end":{"line":25,"column":37}},"25":{"start":{"line":26,"column":0},"end":{"line":26,"column":35}},"26":{"start":{"line":27,"column":0},"end":{"line":27,"column":36}},"27":{"start":{"line":28,"column":0},"end":{"line":28,"column":4}},"28":{"start":{"line":29,"column":0},"end":{"line":29,"column":15}},"29":{"start":{"line":30,"column":0},"end":{"line":30,"column":35}},"30":{"start":{"line":31,"column":0},"end":{"line":31,"column":39}},"31":{"start":{"line":32,"column":0},"end":{"line":32,"column":41}},"32":{"start":{"line":33,"column":0},"end":{"line":33,"column":41}},"33":{"start":{"line":34,"column":0},"end":{"line":34,"column":43}},"34":{"start":{"line":35,"column":0},"end":{"line":35,"column":34}},"35":{"start":{"line":36,"column":0},"end":{"line":36,"column":3}},"36":{"start":{"line":37,"column":0},"end":{"line":37,"column":2}},"37":{"start":{"line":38,"column":0},"end":{"line":38,"column":0}},"38":{"start":{"line":39,"column":0},"end":{"line":39,"column":19}},"39":{"start":{"line":40,"column":0},"end":{"line":40,"column":82}},"40":{"start":{"line":41,"column":0},"end":{"line":41,"column":81}},"41":{"start":{"line":42,"column":0},"end":{"line":42,"column":0}},"42":{"start":{"line":43,"column":0},"end":{"line":43,"column":71}},"43":{"start":{"line":44,"column":0},"end":{"line":44,"column":29}},"44":{"start":{"line":45,"column":0},"end":{"line":45,"column":81}},"45":{"start":{"line":46,"column":0},"end":{"line":46,"column":83}},"46":{"start":{"line":47,"column":0},"end":{"line":47,"column":87}},"47":{"start":{"line":48,"column":0},"end":{"line":48,"column":103}},"48":{"start":{"line":49,"column":0},"end":{"line":49,"column":81}},"49":{"start":{"line":50,"column":0},"end":{"line":50,"column":81}},"50":{"start":{"line":51,"column":0},"end":{"line":51,"column":63}},"51":{"start":{"line":52,"column":0},"end":{"line":52,"column":66}},"52":{"start":{"line":53,"column":0},"end":{"line":53,"column":91}},"53":{"start":{"line":54,"column":0},"end":{"line":54,"column":81}},"54":{"start":{"line":55,"column":0},"end":{"line":55,"column":83}},"55":{"start":{"line":56,"column":0},"end":{"line":56,"column":83}},"56":{"start":{"line":57,"column":0},"end":{"line":57,"column":85}},"57":{"start":{"line":58,"column":0},"end":{"line":58,"column":65}},"58":{"start":{"line":59,"column":0},"end":{"line":59,"column":81}},"59":{"start":{"line":60,"column":0},"end":{"line":60,"column":85}},"60":{"start":{"line":61,"column":0},"end":{"line":61,"column":81}},"61":{"start":{"line":62,"column":0},"end":{"line":62,"column":82}},"62":{"start":{"line":63,"column":0},"end":{"line":63,"column":81}},"63":{"start":{"line":64,"column":0},"end":{"line":64,"column":83}},"64":{"start":{"line":65,"column":0},"end":{"line":65,"column":81}},"65":{"start":{"line":66,"column":0},"end":{"line":66,"column":85}},"66":{"start":{"line":67,"column":0},"end":{"line":67,"column":87}},"67":{"start":{"line":68,"column":0},"end":{"line":68,"column":87}},"68":{"start":{"line":69,"column":0},"end":{"line":69,"column":89}},"69":{"start":{"line":70,"column":0},"end":{"line":70,"column":63}},"70":{"start":{"line":71,"column":0},"end":{"line":71,"column":2}}},"s":{"0":1,"1":1,"2":1,"3":1,"4":1,"5":1,"6":1,"7":1,"8":1,"9":1,"10":1,"11":1,"12":1,"13":1,"14":1,"15":1,"16":1,"17":1,"18":1,"19":1,"20":1,"21":1,"22":1,"23":1,"24":1,"25":1,"26":1,"27":1,"28":1,"29":1,"30":1,"31":1,"32":1,"33":1,"34":1,"35":1,"36":1,"37":1,"38":1,"39":1,"40":1,"41":1,"42":1,"43":1,"44":1,"45":1,"46":1,"47":1,"48":1,"49":1,"50":1,"51":1,"52":1,"53":1,"54":1,"55":1,"56":1,"57":1,"58":1,"59":1,"60":1,"61":1,"62":1,"63":1,"64":1,"65":1,"66":1,"67":1,"68":1,"69":1,"70":1},"branchMap":{},"b":{},"fnMap":{},"f":{}}
,"C:\\Users\\pfabr\\Documents\\Github\\ValorantCompGenerator\\src\\utils\\gameLogic.js": {"path":"C:\\Users\\pfabr\\Documents\\Github\\ValorantCompGenerator\\src\\utils\\gameLogic.js","all":false,"statementMap":{"0":{"start":{"line":1,"column":0},"end":{"line":1,"column":49}},"1":{"start":{"line":2,"column":0},"end":{"line":2,"column":0}},"2":{"start":{"line":3,"column":0},"end":{"line":3,"column":3}},"3":{"start":{"line":4,"column":0},"end":{"line":4,"column":76}},"4":{"start":{"line":5,"column":0},"end":{"line":5,"column":49}},"5":{"start":{"line":6,"column":0},"end":{"line":6,"column":107}},"6":{"start":{"line":7,"column":0},"end":{"line":7,"column":83}},"7":{"start":{"line":8,"column":0},"end":{"line":8,"column":63}},"8":{"start":{"line":9,"column":0},"end":{"line":9,"column":3}},"9":{"start":{"line":10,"column":0},"end":{"line":10,"column":72}},"10":{"start":{"line":11,"column":0},"end":{"line":11,"column":47}},"11":{"start":{"line":12,"column":0},"end":{"line":12,"column":39}},"12":{"start":{"line":13,"column":0},"end":{"line":13,"column":48}},"13":{"start":{"line":14,"column":0},"end":{"line":14,"column":2}},"14":{"start":{"line":15,"column":0},"end":{"line":15,"column":50}},"15":{"start":{"line":16,"column":0},"end":{"line":16,"column":60}},"16":{"start":{"line":17,"column":0},"end":{"line":17,"column":37}},"17":{"start":{"line":18,"column":0},"end":{"line":18,"column":50}},"18":{"start":{"line":19,"column":0},"end":{"line":19,"column":4}},"19":{"start":{"line":20,"column":0},"end":{"line":20,"column":55}},"20":{"start":{"line":21,"column":0},"end":{"line":21,"column":26}},"21":{"start":{"line":22,"column":0},"end":{"line":22,"column":47}},"22":{"start":{"line":23,"column":0},"end":{"line":23,"column":4}},"23":{"start":{"line":24,"column":0},"end":{"line":24,"column":33}},"24":{"start":{"line":25,"column":0},"end":{"line":25,"column":83}},"25":{"start":{"line":26,"column":0},"end":{"line":26,"column":56}},"26":{"start":{"line":27,"column":0},"end":{"line":27,"column":112}},"27":{"start":{"line":28,"column":0},"end":{"line":28,"column":6}},"28":{"start":{"line":29,"column":0},"end":{"line":29,"column":60}},"29":{"start":{"line":30,"column":0},"end":{"line":30,"column":65}},"30":{"start":{"line":31,"column":0},"end":{"line":31,"column":7}},"31":{"start":{"line":32,"column":0},"end":{"line":32,"column":4}},"32":{"start":{"line":33,"column":0},"end":{"line":33,"column":12}},"33":{"start":{"line":34,"column":0},"end":{"line":34,"column":25}},"34":{"start":{"line":35,"column":0},"end":{"line":35,"column":17}},"35":{"start":{"line":36,"column":0},"end":{"line":36,"column":17}},"36":{"start":{"line":37,"column":0},"end":{"line":37,"column":13}},"37":{"start":{"line":38,"column":0},"end":{"line":38,"column":6}},"38":{"start":{"line":39,"column":0},"end":{"line":39,"column":5}},"39":{"start":{"line":40,"column":0},"end":{"line":40,"column":2}},"40":{"start":{"line":41,"column":0},"end":{"line":41,"column":74}},"41":{"start":{"line":42,"column":0},"end":{"line":42,"column":36}},"42":{"start":{"line":43,"column":0},"end":{"line":43,"column":105}},"43":{"start":{"line":44,"column":0},"end":{"line":44,"column":105}},"44":{"start":{"line":45,"column":0},"end":{"line":45,"column":39}},"45":{"start":{"line":46,"column":0},"end":{"line":46,"column":5}},"46":{"start":{"line":47,"column":0},"end":{"line":47,"column":2}},"47":{"start":{"line":48,"column":0},"end":{"line":48,"column":70}},"48":{"start":{"line":49,"column":0},"end":{"line":49,"column":62}},"49":{"start":{"line":50,"column":0},"end":{"line":50,"column":24}},"50":{"start":{"line":51,"column":0},"end":{"line":51,"column":30}},"51":{"start":{"line":52,"column":0},"end":{"line":52,"column":4}},"52":{"start":{"line":53,"column":0},"end":{"line":53,"column":51}},"53":{"start":{"line":54,"column":0},"end":{"line":54,"column":53}},"54":{"start":{"line":55,"column":0},"end":{"line":55,"column":53}},"55":{"start":{"line":56,"column":0},"end":{"line":56,"column":44}},"56":{"start":{"line":57,"column":0},"end":{"line":57,"column":32}},"57":{"start":{"line":58,"column":0},"end":{"line":58,"column":28}},"58":{"start":{"line":59,"column":0},"end":{"line":59,"column":26}},"59":{"start":{"line":60,"column":0},"end":{"line":60,"column":9}},"60":{"start":{"line":61,"column":0},"end":{"line":61,"column":7}},"61":{"start":{"line":62,"column":0},"end":{"line":62,"column":7}},"62":{"start":{"line":63,"column":0},"end":{"line":63,"column":4}},"63":{"start":{"line":64,"column":0},"end":{"line":64,"column":61}},"64":{"start":{"line":65,"column":0},"end":{"line":65,"column":28}},"65":{"start":{"line":66,"column":0},"end":{"line":66,"column":42}},"66":{"start":{"line":67,"column":0},"end":{"line":67,"column":69}},"67":{"start":{"line":68,"column":0},"end":{"line":68,"column":57}},"68":{"start":{"line":69,"column":0},"end":{"line":69,"column":29}},"69":{"start":{"line":70,"column":0},"end":{"line":70,"column":57}},"70":{"start":{"line":71,"column":0},"end":{"line":71,"column":7}},"71":{"start":{"line":72,"column":0},"end":{"line":72,"column":5}},"72":{"start":{"line":73,"column":0},"end":{"line":73,"column":5}},"73":{"start":{"line":74,"column":0},"end":{"line":74,"column":2}},"74":{"start":{"line":75,"column":0},"end":{"line":75,"column":70}},"75":{"start":{"line":76,"column":0},"end":{"line":76,"column":25}},"76":{"start":{"line":77,"column":0},"end":{"line":77,"column":46}},"77":{"start":{"line":78,"column":0},"end":{"line":78,"column":22}},"78":{"start":{"line":79,"column":0},"end":{"line":79,"column":33}},"79":{"start":{"line":80,"column":0},"end":{"line":80,"column":97}},"80":{"start":{"line":81,"column":0},"end":{"line":81,"column":25}},"81":{"start":{"line":82,"column":0},"end":{"line":82,"column":7}},"82":{"start":{"line":83,"column":0},"end":{"line":83,"column":51}},"83":{"start":{"line":84,"column":0},"end":{"line":84,"column":60}},"84":{"start":{"line":85,"column":0},"end":{"line":85,"column":46}},"85":{"start":{"line":86,"column":0},"end":{"line":86,"column":25}},"86":{"start":{"line":87,"column":0},"end":{"line":87,"column":7}},"87":{"start":{"line":88,"column":0},"end":{"line":88,"column":5}},"88":{"start":{"line":89,"column":0},"end":{"line":89,"column":5}},"89":{"start":{"line":90,"column":0},"end":{"line":90,"column":2}},"90":{"start":{"line":91,"column":0},"end":{"line":91,"column":21}},"91":{"start":{"line":92,"column":0},"end":{"line":92,"column":1}},"92":{"start":{"line":93,"column":0},"end":{"line":93,"column":0}},"93":{"start":{"line":94,"column":0},"end":{"line":94,"column":3}},"94":{"start":{"line":95,"column":0},"end":{"line":95,"column":48}},"95":{"start":{"line":96,"column":0},"end":{"line":96,"column":46}},"96":{"start":{"line":97,"column":0},"end":{"line":97,"column":42}},"97":{"start":{"line":98,"column":0},"end":{"line":98,"column":3}},"98":{"start":{"line":99,"column":0},"end":{"line":99,"column":37}},"99":{"start":{"line":100,"column":0},"end":{"line":100,"column":30}},"100":{"start":{"line":101,"column":0},"end":{"line":101,"column":49}},"101":{"start":{"line":102,"column":0},"end":{"line":102,"column":50}},"102":{"start":{"line":103,"column":0},"end":{"line":103,"column":60}},"103":{"start":{"line":104,"column":0},"end":{"line":104,"column":3}},"104":{"start":{"line":105,"column":0},"end":{"line":105,"column":18}},"105":{"start":{"line":106,"column":0},"end":{"line":106,"column":1}},"106":{"start":{"line":107,"column":0},"end":{"line":107,"column":0}},"107":{"start":{"line":108,"column":0},"end":{"line":108,"column":3}},"108":{"start":{"line":109,"column":0},"end":{"line":109,"column":47}},"109":{"start":{"line":110,"column":0},"end":{"line":110,"column":52}},"110":{"start":{"line":111,"column":0},"end":{"line":111,"column":65}},"111":{"start":{"line":112,"column":0},"end":{"line":112,"column":35}},"112":{"start":{"line":113,"column":0},"end":{"line":113,"column":3}},"113":{"start":{"line":114,"column":0},"end":{"line":114,"column":55}},"114":{"start":{"line":115,"column":0},"end":{"line":115,"column":111}},"115":{"start":{"line":116,"column":0},"end":{"line":116,"column":1}},"116":{"start":{"line":117,"column":0},"end":{"line":117,"column":0}},"117":{"start":{"line":118,"column":0},"end":{"line":118,"column":3}},"118":{"start":{"line":119,"column":0},"end":{"line":119,"column":47}},"119":{"start":{"line":120,"column":0},"end":{"line":120,"column":59}},"120":{"start":{"line":121,"column":0},"end":{"line":121,"column":46}},"121":{"start":{"line":122,"column":0},"end":{"line":122,"column":3}},"122":{"start":{"line":123,"column":0},"end":{"line":123,"column":50}},"123":{"start":{"line":124,"column":0},"end":{"line":124,"column":24}},"124":{"start":{"line":125,"column":0},"end":{"line":125,"column":37}},"125":{"start":{"line":126,"column":0},"end":{"line":126,"column":33}},"126":{"start":{"line":127,"column":0},"end":{"line":127,"column":51}},"127":{"start":{"line":128,"column":0},"end":{"line":128,"column":5}},"128":{"start":{"line":129,"column":0},"end":{"line":129,"column":20}},"129":{"start":{"line":130,"column":0},"end":{"line":130,"column":1}},"130":{"start":{"line":131,"column":0},"end":{"line":131,"column":0}},"131":{"start":{"line":132,"column":0},"end":{"line":132,"column":3}},"132":{"start":{"line":133,"column":0},"end":{"line":133,"column":55}},"133":{"start":{"line":134,"column":0},"end":{"line":134,"column":54}},"134":{"start":{"line":135,"column":0},"end":{"line":135,"column":83}},"135":{"start":{"line":136,"column":0},"end":{"line":136,"column":70}},"136":{"start":{"line":137,"column":0},"end":{"line":137,"column":76}},"137":{"start":{"line":138,"column":0},"end":{"line":138,"column":90}},"138":{"start":{"line":139,"column":0},"end":{"line":139,"column":59}},"139":{"start":{"line":140,"column":0},"end":{"line":140,"column":3}},"140":{"start":{"line":141,"column":0},"end":{"line":141,"column":93}},"141":{"start":{"line":142,"column":0},"end":{"line":142,"column":53}},"142":{"start":{"line":143,"column":0},"end":{"line":143,"column":29}},"143":{"start":{"line":144,"column":0},"end":{"line":144,"column":16}},"144":{"start":{"line":145,"column":0},"end":{"line":145,"column":3}},"145":{"start":{"line":146,"column":0},"end":{"line":146,"column":2}},"146":{"start":{"line":147,"column":0},"end":{"line":147,"column":91}},"147":{"start":{"line":148,"column":0},"end":{"line":148,"column":31}},"148":{"start":{"line":149,"column":0},"end":{"line":149,"column":92}},"149":{"start":{"line":150,"column":0},"end":{"line":150,"column":4}},"150":{"start":{"line":151,"column":0},"end":{"line":151,"column":82}},"151":{"start":{"line":152,"column":0},"end":{"line":152,"column":39}},"152":{"start":{"line":153,"column":0},"end":{"line":153,"column":43}},"153":{"start":{"line":154,"column":0},"end":{"line":154,"column":71}},"154":{"start":{"line":155,"column":0},"end":{"line":155,"column":41}},"155":{"start":{"line":156,"column":0},"end":{"line":156,"column":5}},"156":{"start":{"line":157,"column":0},"end":{"line":157,"column":4}},"157":{"start":{"line":158,"column":0},"end":{"line":158,"column":75}},"158":{"start":{"line":159,"column":0},"end":{"line":159,"column":60}},"159":{"start":{"line":160,"column":0},"end":{"line":160,"column":34}},"160":{"start":{"line":161,"column":0},"end":{"line":161,"column":25}},"161":{"start":{"line":162,"column":0},"end":{"line":162,"column":3}},"162":{"start":{"line":163,"column":0},"end":{"line":163,"column":2}},"163":{"start":{"line":164,"column":0},"end":{"line":164,"column":56}},"164":{"start":{"line":165,"column":0},"end":{"line":165,"column":29}},"165":{"start":{"line":166,"column":0},"end":{"line":166,"column":43}},"166":{"start":{"line":167,"column":0},"end":{"line":167,"column":4}},"167":{"start":{"line":168,"column":0},"end":{"line":168,"column":74}},"168":{"start":{"line":169,"column":0},"end":{"line":169,"column":54}},"169":{"start":{"line":170,"column":0},"end":{"line":170,"column":34}},"170":{"start":{"line":171,"column":0},"end":{"line":171,"column":25}},"171":{"start":{"line":172,"column":0},"end":{"line":172,"column":5}},"172":{"start":{"line":173,"column":0},"end":{"line":173,"column":3}},"173":{"start":{"line":174,"column":0},"end":{"line":174,"column":2}},"174":{"start":{"line":175,"column":0},"end":{"line":175,"column":70}},"175":{"start":{"line":176,"column":0},"end":{"line":176,"column":14}},"176":{"start":{"line":177,"column":0},"end":{"line":177,"column":1}}},"s":{"0":1,"1":1,"2":1,"3":1,"4":1,"5":1,"6":1,"7":1,"8":1,"9":1,"10":30,"11":30,"12":30,"13":30,"14":30,"15":30,"16":150,"17":150,"18":150,"19":150,"20":150,"21":150,"22":150,"23":150,"24":600,"25":600,"26":600,"27":600,"28":600,"29":600,"30":150,"31":150,"32":150,"33":150,"34":150,"35":150,"36":150,"37":150,"38":30,"39":30,"40":30,"41":30,"42":236,"43":236,"44":236,"45":30,"46":30,"47":30,"48":30,"49":150,"50":150,"51":150,"52":150,"53":150,"54":750,"55":450,"56":450,"57":239,"58":239,"59":239,"60":450,"61":150,"62":150,"63":150,"64":150,"65":150,"66":150,"67":150,"68":150,"69":150,"70":150,"71":150,"72":30,"73":30,"74":30,"75":30,"76":30,"77":150,"78":0,"79":0,"80":0,"81":0,"82":0,"83":0,"84":0,"85":0,"86":0,"87":0,"88":30,"89":30,"90":30,"91":30,"92":1,"93":1,"94":1,"95":1,"96":1,"97":1,"98":1,"99":5,"100":5,"101":9,"102":9,"103":9,"104":5,"105":5,"106":1,"107":1,"108":1,"109":1,"110":1,"111":1,"112":1,"113":1,"114":31,"115":31,"116":1,"117":1,"118":1,"119":1,"120":1,"121":1,"122":1,"123":17,"124":17,"125":76,"126":76,"127":17,"128":17,"129":17,"130":1,"131":1,"132":1,"133":1,"134":1,"135":1,"136":1,"137":1,"138":1,"139":1,"140":1,"141":77,"142":77,"143":71,"144":71,"145":6,"146":6,"147":7,"148":3,"149":3,"150":3,"151":3,"152":1,"153":1,"154":1,"155":1,"156":2,"157":2,"158":2,"159":2,"160":2,"161":2,"162":3,"163":3,"164":3,"165":3,"166":3,"167":3,"168":3,"169":1,"170":1,"171":1,"172":3,"173":2,"174":2,"175":2,"176":2},"branchMap":{"0":{"type":"branch","line":10,"loc":{"start":{"line":10,"column":7},"end":{"line":92,"column":1}},"locations":[{"start":{"line":10,"column":7},"end":{"line":92,"column":1}}]},"1":{"type":"branch","line":16,"loc":{"start":{"line":16,"column":40},"end":{"line":39,"column":3}},"locations":[{"start":{"line":16,"column":40},"end":{"line":39,"column":3}}]},"2":{"type":"branch","line":18,"loc":{"start":{"line":18,"column":44},"end":{"line":18,"column":49}},"locations":[{"start":{"line":18,"column":44},"end":{"line":18,"column":49}}]},"3":{"type":"branch","line":24,"loc":{"start":{"line":24,"column":24},"end":{"line":31,"column":5}},"locations":[{"start":{"line":24,"column":24},"end":{"line":31,"column":5}}]},"4":{"type":"branch","line":27,"loc":{"start":{"line":27,"column":50},"end":{"line":27,"column":107}},"locations":[{"start":{"line":27,"column":50},"end":{"line":27,"column":107}}]},"5":{"type":"branch","line":27,"loc":{"start":{"line":27,"column":108},"end":{"line":27,"column":111}},"locations":[{"start":{"line":27,"column":108},"end":{"line":27,"column":111}}]},"6":{"type":"branch","line":42,"loc":{"start":{"line":42,"column":25},"end":{"line":46,"column":3}},"locations":[{"start":{"line":42,"column":25},"end":{"line":46,"column":3}}]},"7":{"type":"branch","line":43,"loc":{"start":{"line":43,"column":60},"end":{"line":43,"column":100}},"locations":[{"start":{"line":43,"column":60},"end":{"line":43,"column":100}}]},"8":{"type":"branch","line":44,"loc":{"start":{"line":44,"column":60},"end":{"line":44,"column":100}},"locations":[{"start":{"line":44,"column":60},"end":{"line":44,"column":100}}]},"9":{"type":"branch","line":49,"loc":{"start":{"line":49,"column":28},"end":{"line":73,"column":3}},"locations":[{"start":{"line":49,"column":28},"end":{"line":73,"column":3}}]},"10":{"type":"branch","line":54,"loc":{"start":{"line":54,"column":27},"end":{"line":62,"column":5}},"locations":[{"start":{"line":54,"column":27},"end":{"line":62,"column":5}}]},"11":{"type":"branch","line":55,"loc":{"start":{"line":55,"column":25},"end":{"line":61,"column":7}},"locations":[{"start":{"line":55,"column":25},"end":{"line":61,"column":7}}]},"12":{"type":"branch","line":56,"loc":{"start":{"line":56,"column":39},"end":{"line":56,"column":43}},"locations":[{"start":{"line":56,"column":39},"end":{"line":56,"column":43}}]},"13":{"type":"branch","line":57,"loc":{"start":{"line":57,"column":31},"end":{"line":60,"column":9}},"locations":[{"start":{"line":57,"column":31},"end":{"line":60,"column":9}}]},"14":{"type":"branch","line":77,"loc":{"start":{"line":77,"column":22},"end":{"line":89,"column":3}},"locations":[{"start":{"line":77,"column":22},"end":{"line":89,"column":3}}]},"15":{"type":"branch","line":78,"loc":{"start":{"line":78,"column":21},"end":{"line":88,"column":5}},"locations":[{"start":{"line":78,"column":21},"end":{"line":88,"column":5}}]},"16":{"type":"branch","line":99,"loc":{"start":{"line":99,"column":7},"end":{"line":106,"column":1}},"locations":[{"start":{"line":99,"column":7},"end":{"line":106,"column":1}}]},"17":{"type":"branch","line":101,"loc":{"start":{"line":101,"column":48},"end":{"line":104,"column":3}},"locations":[{"start":{"line":101,"column":48},"end":{"line":104,"column":3}}]},"18":{"type":"branch","line":114,"loc":{"start":{"line":114,"column":7},"end":{"line":116,"column":1}},"locations":[{"start":{"line":114,"column":7},"end":{"line":116,"column":1}}]},"19":{"type":"branch","line":115,"loc":{"start":{"line":115,"column":33},"end":{"line":115,"column":110}},"locations":[{"start":{"line":115,"column":33},"end":{"line":115,"column":110}}]},"20":{"type":"branch","line":123,"loc":{"start":{"line":123,"column":7},"end":{"line":130,"column":1}},"locations":[{"start":{"line":123,"column":7},"end":{"line":130,"column":1}}]},"21":{"type":"branch","line":125,"loc":{"start":{"line":125,"column":22},"end":{"line":128,"column":3}},"locations":[{"start":{"line":125,"column":22},"end":{"line":128,"column":3}}]},"22":{"type":"branch","line":127,"loc":{"start":{"line":127,"column":41},"end":{"line":127,"column":45}},"locations":[{"start":{"line":127,"column":41},"end":{"line":127,"column":45}}]},"23":{"type":"branch","line":141,"loc":{"start":{"line":141,"column":7},"end":{"line":177,"column":1}},"locations":[{"start":{"line":141,"column":7},"end":{"line":177,"column":1}}]},"24":{"type":"branch","line":143,"loc":{"start":{"line":143,"column":28},"end":{"line":145,"column":3}},"locations":[{"start":{"line":143,"column":28},"end":{"line":145,"column":3}}]},"25":{"type":"branch","line":146,"loc":{"start":{"line":146,"column":-2},"end":{"line":177,"column":1}},"locations":[{"start":{"line":146,"column":-2},"end":{"line":177,"column":1}}]},"26":{"type":"branch","line":146,"loc":{"start":{"line":146,"column":-2},"end":{"line":148,"column":30}},"locations":[{"start":{"line":146,"column":-2},"end":{"line":148,"column":30}}]},"27":{"type":"branch","line":148,"loc":{"start":{"line":148,"column":30},"end":{"line":173,"column":3}},"locations":[{"start":{"line":148,"column":30},"end":{"line":173,"column":3}}]},"28":{"type":"branch","line":152,"loc":{"start":{"line":152,"column":38},"end":{"line":156,"column":5}},"locations":[{"start":{"line":152,"column":38},"end":{"line":156,"column":5}}]},"29":{"type":"branch","line":157,"loc":{"start":{"line":157,"column":-2},"end":{"line":162,"column":3}},"locations":[{"start":{"line":157,"column":-2},"end":{"line":162,"column":3}}]},"30":{"type":"branch","line":169,"loc":{"start":{"line":169,"column":20},"end":{"line":169,"column":51}},"locations":[{"start":{"line":169,"column":20},"end":{"line":169,"column":51}}]},"31":{"type":"branch","line":169,"loc":{"start":{"line":169,"column":53},"end":{"line":172,"column":5}},"locations":[{"start":{"line":169,"column":53},"end":{"line":172,"column":5}}]},"32":{"type":"branch","line":174,"loc":{"start":{"line":174,"column":-2},"end":{"line":177,"column":1}},"locations":[{"start":{"line":174,"column":-2},"end":{"line":177,"column":1}}]},"33":{"type":"branch","line":149,"loc":{"start":{"line":149,"column":54},"end":{"line":149,"column":90}},"locations":[{"start":{"line":149,"column":54},"end":{"line":149,"column":90}}]}},"b":{"0":[30],"1":[150],"2":[69],"3":[600],"4":[99],"5":[501],"6":[236],"7":[944],"8":[944],"9":[150],"10":[750],"11":[450],"12":[0],"13":[239],"14":[150],"15":[0],"16":[5],"17":[9],"18":[31],"19":[2],"20":[17],"21":[76],"22":[61],"23":[77],"24":[71],"25":[7],"26":[6],"27":[3],"28":[1],"29":[2],"30":[2],"31":[1],"32":[2],"33":[24]},"fnMap":{"0":{"name":"assignRolesWithHistory","decl":{"start":{"line":10,"column":7},"end":{"line":92,"column":1}},"loc":{"start":{"line":10,"column":7},"end":{"line":92,"column":1}},"line":10},"1":{"name":"shuffleArray","decl":{"start":{"line":99,"column":7},"end":{"line":106,"column":1}},"loc":{"start":{"line":99,"column":7},"end":{"line":106,"column":1}},"line":99},"2":{"name":"getAgentIcon","decl":{"start":{"line":114,"column":7},"end":{"line":116,"column":1}},"loc":{"start":{"line":114,"column":7},"end":{"line":116,"column":1}},"line":114},"3":{"name":"calculateRoleCounts","decl":{"start":{"line":123,"column":7},"end":{"line":130,"column":1}},"loc":{"start":{"line":123,"column":7},"end":{"line":130,"column":1}},"line":123},"4":{"name":"assignAgentForRole","decl":{"start":{"line":141,"column":7},"end":{"line":177,"column":1}},"loc":{"start":{"line":141,"column":7},"end":{"line":177,"column":1}},"line":141}},"f":{"0":30,"1":5,"2":31,"3":17,"4":77}}
}
