{"C:\\Users\\pfabr\\Documents\\Github\\ValorantCompGenerator\\src\\App.vue": {"path":"C:\\Users\\pfabr\\Documents\\Github\\ValorantCompGenerator\\src\\App.vue","all":false,"statementMap":{"0":{"start":{"line":1,"column":0},"end":{"line":1,"column":10}},"1":{"start":{"line":2,"column":0},"end":{"line":2,"column":19}},"2":{"start":{"line":3,"column":0},"end":{"line":3,"column":157}},"3":{"start":{"line":4,"column":0},"end":{"line":4,"column":32}},"4":{"start":{"line":5,"column":0},"end":{"line":5,"column":55}},"5":{"start":{"line":6,"column":0},"end":{"line":6,"column":35}},"6":{"start":{"line":7,"column":0},"end":{"line":7,"column":29}},"7":{"start":{"line":8,"column":0},"end":{"line":8,"column":37}},"8":{"start":{"line":9,"column":0},"end":{"line":9,"column":37}},"9":{"start":{"line":10,"column":0},"end":{"line":10,"column":186}},"10":{"start":{"line":11,"column":0},"end":{"line":11,"column":21}},"11":{"start":{"line":12,"column":0},"end":{"line":12,"column":39}},"12":{"start":{"line":13,"column":0},"end":{"line":13,"column":41}},"13":{"start":{"line":14,"column":0},"end":{"line":14,"column":28}},"14":{"start":{"line":15,"column":0},"end":{"line":15,"column":52}},"15":{"start":{"line":16,"column":0},"end":{"line":16,"column":24}},"16":{"start":{"line":17,"column":0},"end":{"line":17,"column":71}},"17":{"start":{"line":18,"column":0},"end":{"line":18,"column":15}},"18":{"start":{"line":19,"column":0},"end":{"line":19,"column":23}},"19":{"start":{"line":20,"column":0},"end":{"line":20,"column":39}},"20":{"start":{"line":21,"column":0},"end":{"line":21,"column":46}},"21":{"start":{"line":22,"column":0},"end":{"line":22,"column":31}},"22":{"start":{"line":23,"column":0},"end":{"line":23,"column":41}},"23":{"start":{"line":24,"column":0},"end":{"line":24,"column":25}},"34":{"start":{"line":35,"column":0},"end":{"line":35,"column":49}},"35":{"start":{"line":36,"column":0},"end":{"line":36,"column":65}},"36":{"start":{"line":37,"column":0},"end":{"line":37,"column":63}},"37":{"start":{"line":38,"column":0},"end":{"line":38,"column":17}},"39":{"start":{"line":40,"column":0},"end":{"line":40,"column":25}},"41":{"start":{"line":42,"column":0},"end":{"line":42,"column":161}},"42":{"start":{"line":43,"column":0},"end":{"line":43,"column":50}},"43":{"start":{"line":44,"column":0},"end":{"line":44,"column":100}},"44":{"start":{"line":45,"column":0},"end":{"line":45,"column":23}},"45":{"start":{"line":46,"column":0},"end":{"line":46,"column":18}},"46":{"start":{"line":47,"column":0},"end":{"line":47,"column":16}},"47":{"start":{"line":48,"column":0},"end":{"line":48,"column":14}},"49":{"start":{"line":50,"column":0},"end":{"line":50,"column":31}},"50":{"start":{"line":51,"column":0},"end":{"line":51,"column":29}},"51":{"start":{"line":52,"column":0},"end":{"line":52,"column":37}},"52":{"start":{"line":53,"column":0},"end":{"line":53,"column":38}},"53":{"start":{"line":54,"column":0},"end":{"line":54,"column":71}},"54":{"start":{"line":55,"column":0},"end":{"line":55,"column":21}},"55":{"start":{"line":56,"column":0},"end":{"line":56,"column":27}},"56":{"start":{"line":57,"column":0},"end":{"line":57,"column":39}},"57":{"start":{"line":58,"column":0},"end":{"line":58,"column":30}},"58":{"start":{"line":59,"column":0},"end":{"line":59,"column":29}},"59":{"start":{"line":60,"column":0},"end":{"line":60,"column":27}},"60":{"start":{"line":61,"column":0},"end":{"line":61,"column":16}},"61":{"start":{"line":62,"column":0},"end":{"line":62,"column":70}},"62":{"start":{"line":63,"column":0},"end":{"line":63,"column":18}},"63":{"start":{"line":64,"column":0},"end":{"line":64,"column":16}},"64":{"start":{"line":65,"column":0},"end":{"line":65,"column":14}},"66":{"start":{"line":67,"column":0},"end":{"line":67,"column":32}},"67":{"start":{"line":68,"column":0},"end":{"line":68,"column":29}},"68":{"start":{"line":69,"column":0},"end":{"line":69,"column":80}},"69":{"start":{"line":70,"column":0},"end":{"line":70,"column":47}},"70":{"start":{"line":71,"column":0},"end":{"line":71,"column":86}},"71":{"start":{"line":72,"column":0},"end":{"line":72,"column":16}},"72":{"start":{"line":73,"column":0},"end":{"line":73,"column":65}},"73":{"start":{"line":74,"column":0},"end":{"line":74,"column":46}},"74":{"start":{"line":75,"column":0},"end":{"line":75,"column":39}},"75":{"start":{"line":76,"column":0},"end":{"line":76,"column":23}},"76":{"start":{"line":77,"column":0},"end":{"line":77,"column":33}},"77":{"start":{"line":78,"column":0},"end":{"line":78,"column":38}},"78":{"start":{"line":79,"column":0},"end":{"line":79,"column":31}},"79":{"start":{"line":80,"column":0},"end":{"line":80,"column":31}},"80":{"start":{"line":81,"column":0},"end":{"line":81,"column":34}},"81":{"start":{"line":82,"column":0},"end":{"line":82,"column":18}},"82":{"start":{"line":83,"column":0},"end":{"line":83,"column":88}},"83":{"start":{"line":84,"column":0},"end":{"line":84,"column":20}},"84":{"start":{"line":85,"column":0},"end":{"line":85,"column":39}},"85":{"start":{"line":86,"column":0},"end":{"line":86,"column":23}},"86":{"start":{"line":87,"column":0},"end":{"line":87,"column":37}},"87":{"start":{"line":88,"column":0},"end":{"line":88,"column":38}},"88":{"start":{"line":89,"column":0},"end":{"line":89,"column":33}},"89":{"start":{"line":90,"column":0},"end":{"line":90,"column":31}},"90":{"start":{"line":91,"column":0},"end":{"line":91,"column":34}},"91":{"start":{"line":92,"column":0},"end":{"line":92,"column":18}},"92":{"start":{"line":93,"column":0},"end":{"line":93,"column":91}},"93":{"start":{"line":94,"column":0},"end":{"line":94,"column":20}},"94":{"start":{"line":95,"column":0},"end":{"line":95,"column":39}},"95":{"start":{"line":96,"column":0},"end":{"line":96,"column":23}},"96":{"start":{"line":97,"column":0},"end":{"line":97,"column":35}},"97":{"start":{"line":98,"column":0},"end":{"line":98,"column":38}},"98":{"start":{"line":99,"column":0},"end":{"line":99,"column":31}},"99":{"start":{"line":100,"column":0},"end":{"line":100,"column":31}},"100":{"start":{"line":101,"column":0},"end":{"line":101,"column":34}},"101":{"start":{"line":102,"column":0},"end":{"line":102,"column":18}},"102":{"start":{"line":103,"column":0},"end":{"line":103,"column":88}},"103":{"start":{"line":104,"column":0},"end":{"line":104,"column":20}},"104":{"start":{"line":105,"column":0},"end":{"line":105,"column":18}},"106":{"start":{"line":107,"column":0},"end":{"line":107,"column":73}},"107":{"start":{"line":108,"column":0},"end":{"line":108,"column":112}},"108":{"start":{"line":109,"column":0},"end":{"line":109,"column":39}},"109":{"start":{"line":110,"column":0},"end":{"line":110,"column":90}},"110":{"start":{"line":111,"column":0},"end":{"line":111,"column":61}},"111":{"start":{"line":112,"column":0},"end":{"line":112,"column":47}},"112":{"start":{"line":113,"column":0},"end":{"line":113,"column":100}},"113":{"start":{"line":114,"column":0},"end":{"line":114,"column":29}},"114":{"start":{"line":115,"column":0},"end":{"line":115,"column":51}},"115":{"start":{"line":116,"column":0},"end":{"line":116,"column":52}},"116":{"start":{"line":117,"column":0},"end":{"line":117,"column":43}},"117":{"start":{"line":118,"column":0},"end":{"line":118,"column":36}},"118":{"start":{"line":119,"column":0},"end":{"line":119,"column":47}},"119":{"start":{"line":120,"column":0},"end":{"line":120,"column":24}},"120":{"start":{"line":121,"column":0},"end":{"line":121,"column":78}},"121":{"start":{"line":122,"column":0},"end":{"line":122,"column":100}},"122":{"start":{"line":123,"column":0},"end":{"line":123,"column":53}},"123":{"start":{"line":124,"column":0},"end":{"line":124,"column":30}},"124":{"start":{"line":125,"column":0},"end":{"line":125,"column":26}},"125":{"start":{"line":126,"column":0},"end":{"line":126,"column":24}},"126":{"start":{"line":127,"column":0},"end":{"line":127,"column":43}},"127":{"start":{"line":128,"column":0},"end":{"line":128,"column":46}},"128":{"start":{"line":129,"column":0},"end":{"line":129,"column":29}},"129":{"start":{"line":130,"column":0},"end":{"line":130,"column":47}},"130":{"start":{"line":131,"column":0},"end":{"line":131,"column":52}},"131":{"start":{"line":132,"column":0},"end":{"line":132,"column":32}},"132":{"start":{"line":133,"column":0},"end":{"line":133,"column":36}},"133":{"start":{"line":134,"column":0},"end":{"line":134,"column":47}},"134":{"start":{"line":135,"column":0},"end":{"line":135,"column":31}},"135":{"start":{"line":136,"column":0},"end":{"line":136,"column":24}},"136":{"start":{"line":137,"column":0},"end":{"line":137,"column":82}},"137":{"start":{"line":138,"column":0},"end":{"line":138,"column":44}},"138":{"start":{"line":139,"column":0},"end":{"line":139,"column":30}},"139":{"start":{"line":140,"column":0},"end":{"line":140,"column":26}},"140":{"start":{"line":141,"column":0},"end":{"line":141,"column":24}},"141":{"start":{"line":142,"column":0},"end":{"line":142,"column":22}},"142":{"start":{"line":143,"column":0},"end":{"line":143,"column":20}},"143":{"start":{"line":144,"column":0},"end":{"line":144,"column":18}},"144":{"start":{"line":145,"column":0},"end":{"line":145,"column":16}},"145":{"start":{"line":146,"column":0},"end":{"line":146,"column":14}},"147":{"start":{"line":148,"column":0},"end":{"line":148,"column":32}},"148":{"start":{"line":149,"column":0},"end":{"line":149,"column":16}},"149":{"start":{"line":150,"column":0},"end":{"line":150,"column":39}},"150":{"start":{"line":151,"column":0},"end":{"line":151,"column":34}},"151":{"start":{"line":152,"column":0},"end":{"line":152,"column":30}},"152":{"start":{"line":153,"column":0},"end":{"line":153,"column":9}},"154":{"start":{"line":155,"column":0},"end":{"line":155,"column":17}},"155":{"start":{"line":156,"column":0},"end":{"line":156,"column":12}},"156":{"start":{"line":157,"column":0},"end":{"line":157,"column":44}},"157":{"start":{"line":158,"column":0},"end":{"line":158,"column":42}},"158":{"start":{"line":159,"column":0},"end":{"line":159,"column":41}},"159":{"start":{"line":160,"column":0},"end":{"line":160,"column":100}},"160":{"start":{"line":161,"column":0},"end":{"line":161,"column":68}},"161":{"start":{"line":162,"column":0},"end":{"line":162,"column":42}},"162":{"start":{"line":163,"column":0},"end":{"line":163,"column":133}},"163":{"start":{"line":164,"column":0},"end":{"line":164,"column":83}},"164":{"start":{"line":165,"column":0},"end":{"line":165,"column":47}},"165":{"start":{"line":166,"column":0},"end":{"line":166,"column":20}},"166":{"start":{"line":167,"column":0},"end":{"line":167,"column":38}},"167":{"start":{"line":168,"column":0},"end":{"line":168,"column":80}},"168":{"start":{"line":169,"column":0},"end":{"line":169,"column":39}},"169":{"start":{"line":170,"column":0},"end":{"line":170,"column":23}},"170":{"start":{"line":171,"column":0},"end":{"line":171,"column":20}},"171":{"start":{"line":172,"column":0},"end":{"line":172,"column":18}},"172":{"start":{"line":173,"column":0},"end":{"line":173,"column":16}},"173":{"start":{"line":174,"column":0},"end":{"line":174,"column":14}},"175":{"start":{"line":176,"column":0},"end":{"line":176,"column":34}},"176":{"start":{"line":177,"column":0},"end":{"line":177,"column":36}},"177":{"start":{"line":178,"column":0},"end":{"line":178,"column":35}},"178":{"start":{"line":179,"column":0},"end":{"line":179,"column":84}},"179":{"start":{"line":180,"column":0},"end":{"line":180,"column":56}},"180":{"start":{"line":181,"column":0},"end":{"line":181,"column":52}},"181":{"start":{"line":182,"column":0},"end":{"line":182,"column":18}},"182":{"start":{"line":183,"column":0},"end":{"line":183,"column":16}},"183":{"start":{"line":184,"column":0},"end":{"line":184,"column":14}},"185":{"start":{"line":186,"column":0},"end":{"line":186,"column":58}},"187":{"start":{"line":188,"column":0},"end":{"line":188,"column":17}},"189":{"start":{"line":190,"column":0},"end":{"line":190,"column":127}},"191":{"start":{"line":192,"column":0},"end":{"line":192,"column":17}},"192":{"start":{"line":193,"column":0},"end":{"line":193,"column":12}},"193":{"start":{"line":194,"column":0},"end":{"line":194,"column":10}},"194":{"start":{"line":195,"column":0},"end":{"line":195,"column":33}},"195":{"start":{"line":196,"column":0},"end":{"line":196,"column":129}},"196":{"start":{"line":197,"column":0},"end":{"line":197,"column":135}},"197":{"start":{"line":198,"column":0},"end":{"line":198,"column":123}},"198":{"start":{"line":199,"column":0},"end":{"line":199,"column":15}},"199":{"start":{"line":200,"column":0},"end":{"line":200,"column":43}},"200":{"start":{"line":201,"column":0},"end":{"line":201,"column":21}},"201":{"start":{"line":202,"column":0},"end":{"line":202,"column":23}},"202":{"start":{"line":203,"column":0},"end":{"line":203,"column":30}},"203":{"start":{"line":204,"column":0},"end":{"line":204,"column":41}},"204":{"start":{"line":205,"column":0},"end":{"line":205,"column":17}},"215":{"start":{"line":216,"column":0},"end":{"line":216,"column":11}},"216":{"start":{"line":217,"column":0},"end":{"line":217,"column":62}},"217":{"start":{"line":218,"column":0},"end":{"line":218,"column":63}},"219":{"start":{"line":220,"column":0},"end":{"line":220,"column":20}},"220":{"start":{"line":221,"column":0},"end":{"line":221,"column":17}},"221":{"start":{"line":222,"column":0},"end":{"line":222,"column":12}},"223":{"start":{"line":224,"column":0},"end":{"line":224,"column":10}},"224":{"start":{"line":225,"column":0},"end":{"line":225,"column":8}},"228":{"start":{"line":229,"column":0},"end":{"line":229,"column":85}},"229":{"start":{"line":230,"column":0},"end":{"line":230,"column":131}},"230":{"start":{"line":231,"column":0},"end":{"line":231,"column":29}},"232":{"start":{"line":233,"column":0},"end":{"line":233,"column":16}},"233":{"start":{"line":234,"column":0},"end":{"line":234,"column":33}},"234":{"start":{"line":235,"column":0},"end":{"line":235,"column":10}},"235":{"start":{"line":236,"column":0},"end":{"line":236,"column":12}},"236":{"start":{"line":237,"column":0},"end":{"line":237,"column":36}},"237":{"start":{"line":238,"column":0},"end":{"line":238,"column":12}},"238":{"start":{"line":239,"column":0},"end":{"line":239,"column":21}},"239":{"start":{"line":240,"column":0},"end":{"line":240,"column":23}},"240":{"start":{"line":241,"column":0},"end":{"line":241,"column":25}},"241":{"start":{"line":242,"column":0},"end":{"line":242,"column":28}},"242":{"start":{"line":243,"column":0},"end":{"line":243,"column":52}},"243":{"start":{"line":244,"column":0},"end":{"line":244,"column":22}},"244":{"start":{"line":245,"column":0},"end":{"line":245,"column":21}},"245":{"start":{"line":246,"column":0},"end":{"line":246,"column":21}},"246":{"start":{"line":247,"column":0},"end":{"line":247,"column":22}},"247":{"start":{"line":248,"column":0},"end":{"line":248,"column":25}},"248":{"start":{"line":249,"column":0},"end":{"line":249,"column":24}},"249":{"start":{"line":250,"column":0},"end":{"line":250,"column":22}},"250":{"start":{"line":251,"column":0},"end":{"line":251,"column":8}},"251":{"start":{"line":252,"column":0},"end":{"line":252,"column":19}},"252":{"start":{"line":253,"column":0},"end":{"line":253,"column":48}},"253":{"start":{"line":254,"column":0},"end":{"line":254,"column":61}},"254":{"start":{"line":255,"column":0},"end":{"line":255,"column":63}},"255":{"start":{"line":256,"column":0},"end":{"line":256,"column":75}},"256":{"start":{"line":257,"column":0},"end":{"line":257,"column":5}},"257":{"start":{"line":258,"column":0},"end":{"line":258,"column":4}},"258":{"start":{"line":259,"column":0},"end":{"line":259,"column":13}},"259":{"start":{"line":260,"column":0},"end":{"line":260,"column":52}},"260":{"start":{"line":261,"column":0},"end":{"line":261,"column":59}},"261":{"start":{"line":262,"column":0},"end":{"line":262,"column":17}},"262":{"start":{"line":263,"column":0},"end":{"line":263,"column":11}},"263":{"start":{"line":264,"column":0},"end":{"line":264,"column":50}},"264":{"start":{"line":265,"column":0},"end":{"line":265,"column":16}},"265":{"start":{"line":266,"column":0},"end":{"line":266,"column":5}},"266":{"start":{"line":267,"column":0},"end":{"line":267,"column":4}},"267":{"start":{"line":268,"column":0},"end":{"line":268,"column":13}},"268":{"start":{"line":269,"column":0},"end":{"line":269,"column":19}},"269":{"start":{"line":270,"column":0},"end":{"line":270,"column":81}},"270":{"start":{"line":271,"column":0},"end":{"line":271,"column":52}},"271":{"start":{"line":272,"column":0},"end":{"line":272,"column":45}},"272":{"start":{"line":273,"column":0},"end":{"line":273,"column":6}},"273":{"start":{"line":274,"column":0},"end":{"line":274,"column":25}},"274":{"start":{"line":275,"column":0},"end":{"line":275,"column":64}},"275":{"start":{"line":276,"column":0},"end":{"line":276,"column":81}},"276":{"start":{"line":277,"column":0},"end":{"line":277,"column":71}},"277":{"start":{"line":278,"column":0},"end":{"line":278,"column":5}},"278":{"start":{"line":279,"column":0},"end":{"line":279,"column":4}},"279":{"start":{"line":280,"column":0},"end":{"line":280,"column":12}},"280":{"start":{"line":281,"column":0},"end":{"line":281,"column":73}},"281":{"start":{"line":282,"column":0},"end":{"line":282,"column":27}},"282":{"start":{"line":283,"column":0},"end":{"line":283,"column":42}},"283":{"start":{"line":284,"column":0},"end":{"line":284,"column":71}},"284":{"start":{"line":285,"column":0},"end":{"line":285,"column":38}},"285":{"start":{"line":286,"column":0},"end":{"line":286,"column":56}},"286":{"start":{"line":287,"column":0},"end":{"line":287,"column":39}},"287":{"start":{"line":288,"column":0},"end":{"line":288,"column":80}},"288":{"start":{"line":289,"column":0},"end":{"line":289,"column":11}},"289":{"start":{"line":290,"column":0},"end":{"line":290,"column":7}},"290":{"start":{"line":291,"column":0},"end":{"line":291,"column":24}},"291":{"start":{"line":292,"column":0},"end":{"line":292,"column":22}},"292":{"start":{"line":293,"column":0},"end":{"line":293,"column":32}},"293":{"start":{"line":294,"column":0},"end":{"line":294,"column":40}},"294":{"start":{"line":295,"column":0},"end":{"line":295,"column":21}},"295":{"start":{"line":296,"column":0},"end":{"line":296,"column":9}},"296":{"start":{"line":297,"column":0},"end":{"line":297,"column":21}},"297":{"start":{"line":298,"column":0},"end":{"line":298,"column":44}},"298":{"start":{"line":299,"column":0},"end":{"line":299,"column":40}},"299":{"start":{"line":300,"column":0},"end":{"line":300,"column":9}},"300":{"start":{"line":301,"column":0},"end":{"line":301,"column":56}},"301":{"start":{"line":302,"column":0},"end":{"line":302,"column":38}},"302":{"start":{"line":303,"column":0},"end":{"line":303,"column":96}},"303":{"start":{"line":304,"column":0},"end":{"line":304,"column":20}},"304":{"start":{"line":305,"column":0},"end":{"line":305,"column":49}},"305":{"start":{"line":306,"column":0},"end":{"line":306,"column":84}},"306":{"start":{"line":307,"column":0},"end":{"line":307,"column":6}},"308":{"start":{"line":309,"column":0},"end":{"line":309,"column":28}},"309":{"start":{"line":310,"column":0},"end":{"line":310,"column":80}},"310":{"start":{"line":311,"column":0},"end":{"line":311,"column":27}},"311":{"start":{"line":312,"column":0},"end":{"line":312,"column":53}},"312":{"start":{"line":313,"column":0},"end":{"line":313,"column":44}},"313":{"start":{"line":314,"column":0},"end":{"line":314,"column":33}},"314":{"start":{"line":315,"column":0},"end":{"line":315,"column":26}},"315":{"start":{"line":316,"column":0},"end":{"line":316,"column":58}},"316":{"start":{"line":317,"column":0},"end":{"line":317,"column":16}},"317":{"start":{"line":318,"column":0},"end":{"line":318,"column":9}},"318":{"start":{"line":319,"column":0},"end":{"line":319,"column":7}},"319":{"start":{"line":320,"column":0},"end":{"line":320,"column":22}},"320":{"start":{"line":321,"column":0},"end":{"line":321,"column":56}},"321":{"start":{"line":322,"column":0},"end":{"line":322,"column":53}},"322":{"start":{"line":323,"column":0},"end":{"line":323,"column":58}},"323":{"start":{"line":324,"column":0},"end":{"line":324,"column":7}},"324":{"start":{"line":325,"column":0},"end":{"line":325,"column":6}},"325":{"start":{"line":326,"column":0},"end":{"line":326,"column":25}},"326":{"start":{"line":327,"column":0},"end":{"line":327,"column":39}},"327":{"start":{"line":328,"column":0},"end":{"line":328,"column":41}},"328":{"start":{"line":329,"column":0},"end":{"line":329,"column":36}},"329":{"start":{"line":330,"column":0},"end":{"line":330,"column":87}},"330":{"start":{"line":331,"column":0},"end":{"line":331,"column":7}},"331":{"start":{"line":332,"column":0},"end":{"line":332,"column":61}},"332":{"start":{"line":333,"column":0},"end":{"line":333,"column":55}},"334":{"start":{"line":335,"column":0},"end":{"line":335,"column":37}},"335":{"start":{"line":336,"column":0},"end":{"line":336,"column":66}},"336":{"start":{"line":337,"column":0},"end":{"line":337,"column":27}},"337":{"start":{"line":338,"column":0},"end":{"line":338,"column":40}},"338":{"start":{"line":339,"column":0},"end":{"line":339,"column":65}},"339":{"start":{"line":340,"column":0},"end":{"line":340,"column":49}},"340":{"start":{"line":341,"column":0},"end":{"line":341,"column":56}},"341":{"start":{"line":342,"column":0},"end":{"line":342,"column":38}},"342":{"start":{"line":343,"column":0},"end":{"line":343,"column":59}},"343":{"start":{"line":344,"column":0},"end":{"line":344,"column":50}},"344":{"start":{"line":345,"column":0},"end":{"line":345,"column":51}},"345":{"start":{"line":346,"column":0},"end":{"line":346,"column":33}},"346":{"start":{"line":347,"column":0},"end":{"line":347,"column":9}},"347":{"start":{"line":348,"column":0},"end":{"line":348,"column":9}},"348":{"start":{"line":349,"column":0},"end":{"line":349,"column":58}},"349":{"start":{"line":350,"column":0},"end":{"line":350,"column":50}},"350":{"start":{"line":351,"column":0},"end":{"line":351,"column":133}},"351":{"start":{"line":352,"column":0},"end":{"line":352,"column":62}},"352":{"start":{"line":353,"column":0},"end":{"line":353,"column":63}},"353":{"start":{"line":354,"column":0},"end":{"line":354,"column":47}},"354":{"start":{"line":355,"column":0},"end":{"line":355,"column":98}},"355":{"start":{"line":356,"column":0},"end":{"line":356,"column":36}},"356":{"start":{"line":357,"column":0},"end":{"line":357,"column":45}},"357":{"start":{"line":358,"column":0},"end":{"line":358,"column":9}},"358":{"start":{"line":359,"column":0},"end":{"line":359,"column":71}},"359":{"start":{"line":360,"column":0},"end":{"line":360,"column":28}},"360":{"start":{"line":361,"column":0},"end":{"line":361,"column":35}},"361":{"start":{"line":362,"column":0},"end":{"line":362,"column":62}},"362":{"start":{"line":363,"column":0},"end":{"line":363,"column":42}},"363":{"start":{"line":364,"column":0},"end":{"line":364,"column":41}},"364":{"start":{"line":365,"column":0},"end":{"line":365,"column":15}},"365":{"start":{"line":366,"column":0},"end":{"line":366,"column":25}},"366":{"start":{"line":367,"column":0},"end":{"line":367,"column":28}},"367":{"start":{"line":368,"column":0},"end":{"line":368,"column":28}},"368":{"start":{"line":369,"column":0},"end":{"line":369,"column":20}},"369":{"start":{"line":370,"column":0},"end":{"line":370,"column":10}},"370":{"start":{"line":371,"column":0},"end":{"line":371,"column":16}},"371":{"start":{"line":372,"column":0},"end":{"line":372,"column":32}},"372":{"start":{"line":373,"column":0},"end":{"line":373,"column":21}},"373":{"start":{"line":374,"column":0},"end":{"line":374,"column":22}},"374":{"start":{"line":375,"column":0},"end":{"line":375,"column":10}},"375":{"start":{"line":376,"column":0},"end":{"line":376,"column":9}},"376":{"start":{"line":377,"column":0},"end":{"line":377,"column":44}},"377":{"start":{"line":378,"column":0},"end":{"line":378,"column":46}},"378":{"start":{"line":379,"column":0},"end":{"line":379,"column":45}},"379":{"start":{"line":380,"column":0},"end":{"line":380,"column":44}},"380":{"start":{"line":381,"column":0},"end":{"line":381,"column":44}},"381":{"start":{"line":382,"column":0},"end":{"line":382,"column":9}},"382":{"start":{"line":383,"column":0},"end":{"line":383,"column":59}},"383":{"start":{"line":384,"column":0},"end":{"line":384,"column":64}},"384":{"start":{"line":385,"column":0},"end":{"line":385,"column":54}},"385":{"start":{"line":386,"column":0},"end":{"line":386,"column":80}},"386":{"start":{"line":387,"column":0},"end":{"line":387,"column":9}},"387":{"start":{"line":388,"column":0},"end":{"line":388,"column":9}},"388":{"start":{"line":389,"column":0},"end":{"line":389,"column":30}},"389":{"start":{"line":390,"column":0},"end":{"line":390,"column":33}},"390":{"start":{"line":391,"column":0},"end":{"line":391,"column":42}},"391":{"start":{"line":392,"column":0},"end":{"line":392,"column":62}},"392":{"start":{"line":393,"column":0},"end":{"line":393,"column":30}},"393":{"start":{"line":394,"column":0},"end":{"line":394,"column":6}},"395":{"start":{"line":396,"column":0},"end":{"line":396,"column":29}},"396":{"start":{"line":397,"column":0},"end":{"line":397,"column":51}},"397":{"start":{"line":398,"column":0},"end":{"line":398,"column":6}},"399":{"start":{"line":400,"column":0},"end":{"line":400,"column":22}},"400":{"start":{"line":401,"column":0},"end":{"line":401,"column":31}},"401":{"start":{"line":402,"column":0},"end":{"line":402,"column":28}},"402":{"start":{"line":403,"column":0},"end":{"line":403,"column":27}},"403":{"start":{"line":404,"column":0},"end":{"line":404,"column":76}},"404":{"start":{"line":405,"column":0},"end":{"line":405,"column":6}},"406":{"start":{"line":407,"column":0},"end":{"line":407,"column":24}},"407":{"start":{"line":408,"column":0},"end":{"line":408,"column":28}},"408":{"start":{"line":409,"column":0},"end":{"line":409,"column":5}},"409":{"start":{"line":410,"column":0},"end":{"line":410,"column":3}},"410":{"start":{"line":411,"column":0},"end":{"line":411,"column":1}}},"s":{"0":1,"1":1,"2":1,"3":1,"4":1,"5":1,"6":1,"7":1,"8":1,"9":1,"10":1,"11":1,"12":1,"13":1,"14":1,"15":1,"16":1,"17":1,"18":1,"19":393,"20":393,"21":393,"22":393,"23":393,"34":393,"35":393,"36":393,"37":393,"39":393,"41":1,"42":1,"43":1,"44":1,"45":1,"46":1,"47":1,"49":1,"50":1,"51":1,"52":1,"53":1,"54":1,"55":1,"56":1,"57":1,"58":1,"59":1,"60":1,"61":1,"62":1,"63":1,"64":1,"66":1,"67":1,"68":1,"69":1,"70":1,"71":1,"72":1,"73":1,"74":1,"75":1,"76":1,"77":1,"78":1,"79":1,"80":1,"81":1,"82":1,"83":1,"84":1,"85":1,"86":1,"87":1,"88":1,"89":1,"90":1,"91":1,"92":1,"93":1,"94":1,"95":1,"96":1,"97":1,"98":1,"99":1,"100":1,"101":1,"102":1,"103":1,"104":1,"106":1,"107":1,"108":1,"109":1,"110":1,"111":1,"112":1,"113":1,"114":1,"115":1,"116":1,"117":1,"118":1,"119":1,"120":1,"121":1,"122":1,"123":1,"124":1,"125":1,"126":1,"127":1,"128":1,"129":1,"130":1,"131":1,"132":1,"133":1,"134":1,"135":1,"136":1,"137":1,"138":1,"139":1,"140":1,"141":1,"142":1,"143":1,"144":1,"145":1,"147":1,"148":1,"149":1,"150":1,"151":1,"152":1,"154":1,"155":1,"156":1,"157":1,"158":1,"159":1,"160":1,"161":1,"162":1,"163":1,"164":1,"165":1,"166":1,"167":1,"168":1,"169":1,"170":1,"171":1,"172":1,"173":1,"175":1,"176":1,"177":1,"178":1,"179":1,"180":1,"181":1,"182":1,"183":1,"185":1,"187":1,"189":1,"191":1,"192":1,"193":1,"194":1,"195":1,"196":1,"197":1,"198":1,"199":1,"200":1,"201":1,"202":1,"203":1,"204":1,"215":1,"216":1,"217":1,"219":1,"220":1,"221":1,"223":1,"224":1,"228":1,"229":1,"230":1,"232":1,"233":1,"234":1,"235":25,"236":25,"237":25,"238":25,"239":25,"240":25,"241":25,"242":25,"243":25,"244":25,"245":25,"246":25,"247":25,"248":25,"249":25,"250":25,"251":25,"252":25,"253":25,"254":25,"255":25,"256":25,"257":1,"258":1,"259":25,"260":25,"261":25,"262":13,"263":13,"264":13,"265":13,"266":1,"267":1,"268":1,"269":137,"270":137,"271":137,"272":1,"273":1,"274":107,"275":107,"276":107,"277":107,"278":1,"279":1,"280":1,"281":1,"282":17,"283":17,"284":17,"285":17,"286":17,"287":85,"288":17,"289":17,"290":17,"291":17,"292":17,"293":85,"294":85,"295":17,"296":17,"297":17,"298":120,"299":17,"300":17,"301":17,"302":17,"303":17,"304":17,"305":17,"306":1,"308":1,"309":1,"310":1,"311":1,"312":1,"313":1,"314":1,"315":1,"316":1,"317":1,"318":1,"319":1,"320":0,"321":0,"322":0,"323":0,"324":1,"325":1,"326":17,"327":17,"328":17,"329":0,"330":0,"331":17,"332":17,"334":17,"335":17,"336":17,"337":17,"338":17,"339":17,"340":85,"341":1,"342":1,"343":1,"344":1,"345":1,"346":1,"347":17,"348":17,"349":17,"350":17,"351":17,"352":17,"353":17,"354":17,"355":17,"356":84,"357":17,"358":17,"359":17,"360":17,"361":17,"362":85,"363":85,"364":85,"365":85,"366":85,"367":85,"368":85,"369":85,"370":85,"371":85,"372":85,"373":85,"374":85,"375":17,"376":17,"377":17,"378":85,"379":85,"380":65,"381":65,"382":85,"383":85,"384":85,"385":0,"386":0,"387":17,"388":17,"389":17,"390":17,"391":17,"392":17,"393":1,"395":1,"396":26,"397":1,"399":1,"400":8,"401":8,"402":8,"403":8,"404":1,"406":1,"407":1,"408":1,"409":1,"410":1},"branchMap":{"0":{"type":"branch","line":235,"loc":{"start":{"line":235,"column":2},"end":{"line":258,"column":3}},"locations":[{"start":{"line":235,"column":2},"end":{"line":258,"column":3}}]},"1":{"type":"branch","line":259,"loc":{"start":{"line":259,"column":2},"end":{"line":267,"column":3}},"locations":[{"start":{"line":259,"column":2},"end":{"line":267,"column":3}}]},"2":{"type":"branch","line":262,"loc":{"start":{"line":262,"column":16},"end":{"line":266,"column":5}},"locations":[{"start":{"line":262,"column":16},"end":{"line":266,"column":5}}]},"3":{"type":"branch","line":265,"loc":{"start":{"line":265,"column":8},"end":{"line":265,"column":16}},"locations":[{"start":{"line":265,"column":8},"end":{"line":265,"column":16}}]},"4":{"type":"branch","line":269,"loc":{"start":{"line":269,"column":4},"end":{"line":273,"column":5}},"locations":[{"start":{"line":269,"column":4},"end":{"line":273,"column":5}}]},"5":{"type":"branch","line":272,"loc":{"start":{"line":272,"column":29},"end":{"line":272,"column":44}},"locations":[{"start":{"line":272,"column":29},"end":{"line":272,"column":44}}]},"6":{"type":"branch","line":270,"loc":{"start":{"line":270,"column":49},"end":{"line":270,"column":79}},"locations":[{"start":{"line":270,"column":49},"end":{"line":270,"column":79}}]},"7":{"type":"branch","line":274,"loc":{"start":{"line":274,"column":4},"end":{"line":278,"column":5}},"locations":[{"start":{"line":274,"column":4},"end":{"line":278,"column":5}}]},"8":{"type":"branch","line":276,"loc":{"start":{"line":276,"column":49},"end":{"line":276,"column":62}},"locations":[{"start":{"line":276,"column":49},"end":{"line":276,"column":62}}]},"9":{"type":"branch","line":277,"loc":{"start":{"line":277,"column":41},"end":{"line":277,"column":69}},"locations":[{"start":{"line":277,"column":41},"end":{"line":277,"column":69}}]},"10":{"type":"branch","line":282,"loc":{"start":{"line":282,"column":4},"end":{"line":307,"column":5}},"locations":[{"start":{"line":282,"column":4},"end":{"line":307,"column":5}}]},"11":{"type":"branch","line":284,"loc":{"start":{"line":284,"column":43},"end":{"line":284,"column":69}},"locations":[{"start":{"line":284,"column":43},"end":{"line":284,"column":69}}]},"12":{"type":"branch","line":287,"loc":{"start":{"line":287,"column":33},"end":{"line":289,"column":9}},"locations":[{"start":{"line":287,"column":33},"end":{"line":289,"column":9}}]},"13":{"type":"branch","line":288,"loc":{"start":{"line":288,"column":56},"end":{"line":288,"column":80}},"locations":[{"start":{"line":288,"column":56},"end":{"line":288,"column":80}}]},"14":{"type":"branch","line":293,"loc":{"start":{"line":293,"column":23},"end":{"line":296,"column":7}},"locations":[{"start":{"line":293,"column":23},"end":{"line":296,"column":7}}]},"15":{"type":"branch","line":298,"loc":{"start":{"line":298,"column":35},"end":{"line":300,"column":7}},"locations":[{"start":{"line":298,"column":35},"end":{"line":300,"column":7}}]},"16":{"type":"branch","line":299,"loc":{"start":{"line":299,"column":25},"end":{"line":299,"column":40}},"locations":[{"start":{"line":299,"column":25},"end":{"line":299,"column":40}}]},"17":{"type":"branch","line":303,"loc":{"start":{"line":303,"column":14},"end":{"line":303,"column":94}},"locations":[{"start":{"line":303,"column":14},"end":{"line":303,"column":94}}]},"18":{"type":"branch","line":303,"loc":{"start":{"line":303,"column":42},"end":{"line":303,"column":94}},"locations":[{"start":{"line":303,"column":42},"end":{"line":303,"column":94}}]},"19":{"type":"branch","line":309,"loc":{"start":{"line":309,"column":4},"end":{"line":325,"column":5}},"locations":[{"start":{"line":309,"column":4},"end":{"line":325,"column":5}}]},"20":{"type":"branch","line":320,"loc":{"start":{"line":320,"column":21},"end":{"line":324,"column":7}},"locations":[{"start":{"line":320,"column":21},"end":{"line":324,"column":7}}]},"21":{"type":"branch","line":326,"loc":{"start":{"line":326,"column":2},"end":{"line":394,"column":5}},"locations":[{"start":{"line":326,"column":2},"end":{"line":394,"column":5}}]},"22":{"type":"branch","line":329,"loc":{"start":{"line":329,"column":35},"end":{"line":331,"column":7}},"locations":[{"start":{"line":329,"column":35},"end":{"line":331,"column":7}}]},"23":{"type":"branch","line":340,"loc":{"start":{"line":340,"column":31},"end":{"line":348,"column":7}},"locations":[{"start":{"line":340,"column":31},"end":{"line":348,"column":7}}]},"24":{"type":"branch","line":341,"loc":{"start":{"line":341,"column":19},"end":{"line":341,"column":53}},"locations":[{"start":{"line":341,"column":19},"end":{"line":341,"column":53}}]},"25":{"type":"branch","line":341,"loc":{"start":{"line":341,"column":55},"end":{"line":347,"column":9}},"locations":[{"start":{"line":341,"column":55},"end":{"line":347,"column":9}}]},"26":{"type":"branch","line":351,"loc":{"start":{"line":351,"column":40},"end":{"line":351,"column":107}},"locations":[{"start":{"line":351,"column":40},"end":{"line":351,"column":107}}]},"27":{"type":"branch","line":351,"loc":{"start":{"line":351,"column":77},"end":{"line":351,"column":95}},"locations":[{"start":{"line":351,"column":77},"end":{"line":351,"column":95}}]},"28":{"type":"branch","line":351,"loc":{"start":{"line":351,"column":97},"end":{"line":351,"column":101}},"locations":[{"start":{"line":351,"column":97},"end":{"line":351,"column":101}}]},"29":{"type":"branch","line":351,"loc":{"start":{"line":351,"column":101},"end":{"line":351,"column":107}},"locations":[{"start":{"line":351,"column":101},"end":{"line":351,"column":107}}]},"30":{"type":"branch","line":351,"loc":{"start":{"line":351,"column":116},"end":{"line":351,"column":131}},"locations":[{"start":{"line":351,"column":116},"end":{"line":351,"column":131}}]},"31":{"type":"branch","line":353,"loc":{"start":{"line":353,"column":41},"end":{"line":353,"column":61}},"locations":[{"start":{"line":353,"column":41},"end":{"line":353,"column":61}}]},"32":{"type":"branch","line":356,"loc":{"start":{"line":356,"column":23},"end":{"line":358,"column":7}},"locations":[{"start":{"line":356,"column":23},"end":{"line":358,"column":7}}]},"33":{"type":"branch","line":362,"loc":{"start":{"line":362,"column":42},"end":{"line":376,"column":7}},"locations":[{"start":{"line":362,"column":42},"end":{"line":376,"column":7}}]},"34":{"type":"branch","line":378,"loc":{"start":{"line":378,"column":31},"end":{"line":388,"column":7}},"locations":[{"start":{"line":378,"column":31},"end":{"line":388,"column":7}}]},"35":{"type":"branch","line":380,"loc":{"start":{"line":380,"column":43},"end":{"line":382,"column":9}},"locations":[{"start":{"line":380,"column":43},"end":{"line":382,"column":9}}]},"36":{"type":"branch","line":385,"loc":{"start":{"line":385,"column":53},"end":{"line":387,"column":9}},"locations":[{"start":{"line":385,"column":53},"end":{"line":387,"column":9}}]},"37":{"type":"branch","line":396,"loc":{"start":{"line":396,"column":4},"end":{"line":398,"column":5}},"locations":[{"start":{"line":396,"column":4},"end":{"line":398,"column":5}}]},"38":{"type":"branch","line":400,"loc":{"start":{"line":400,"column":4},"end":{"line":405,"column":5}},"locations":[{"start":{"line":400,"column":4},"end":{"line":405,"column":5}}]},"39":{"type":"branch","line":407,"loc":{"start":{"line":407,"column":4},"end":{"line":409,"column":5}},"locations":[{"start":{"line":407,"column":4},"end":{"line":409,"column":5}}]},"40":{"type":"branch","line":3,"loc":{"start":{"line":3,"column":4},"end":{"line":3,"column":157}},"locations":[{"start":{"line":3,"column":4},"end":{"line":3,"column":157}}]},"41":{"type":"branch","line":8,"loc":{"start":{"line":8,"column":10},"end":{"line":8,"column":37}},"locations":[{"start":{"line":8,"column":10},"end":{"line":8,"column":37}}]},"42":{"type":"branch","line":52,"loc":{"start":{"line":52,"column":10},"end":{"line":52,"column":37}},"locations":[{"start":{"line":52,"column":10},"end":{"line":52,"column":37}}]},"43":{"type":"branch","line":69,"loc":{"start":{"line":69,"column":44},"end":{"line":69,"column":80}},"locations":[{"start":{"line":69,"column":44},"end":{"line":69,"column":80}}]},"44":{"type":"branch","line":70,"loc":{"start":{"line":70,"column":12},"end":{"line":70,"column":47}},"locations":[{"start":{"line":70,"column":12},"end":{"line":70,"column":47}}]},"45":{"type":"branch","line":78,"loc":{"start":{"line":78,"column":27},"end":{"line":78,"column":38}},"locations":[{"start":{"line":78,"column":27},"end":{"line":78,"column":38}}]},"46":{"type":"branch","line":83,"loc":{"start":{"line":83,"column":16},"end":{"line":83,"column":88}},"locations":[{"start":{"line":83,"column":16},"end":{"line":83,"column":88}}]},"47":{"type":"branch","line":88,"loc":{"start":{"line":88,"column":27},"end":{"line":88,"column":38}},"locations":[{"start":{"line":88,"column":27},"end":{"line":88,"column":38}}]},"48":{"type":"branch","line":93,"loc":{"start":{"line":93,"column":16},"end":{"line":93,"column":91}},"locations":[{"start":{"line":93,"column":16},"end":{"line":93,"column":91}}]},"49":{"type":"branch","line":98,"loc":{"start":{"line":98,"column":27},"end":{"line":98,"column":38}},"locations":[{"start":{"line":98,"column":27},"end":{"line":98,"column":38}}]},"50":{"type":"branch","line":103,"loc":{"start":{"line":103,"column":16},"end":{"line":103,"column":88}},"locations":[{"start":{"line":103,"column":16},"end":{"line":103,"column":88}}]},"51":{"type":"branch","line":150,"loc":{"start":{"line":150,"column":16},"end":{"line":150,"column":39}},"locations":[{"start":{"line":150,"column":16},"end":{"line":150,"column":39}}]},"52":{"type":"branch","line":158,"loc":{"start":{"line":158,"column":8},"end":{"line":158,"column":42}},"locations":[{"start":{"line":158,"column":8},"end":{"line":158,"column":42}}]},"53":{"type":"branch","line":177,"loc":{"start":{"line":177,"column":10},"end":{"line":177,"column":36}},"locations":[{"start":{"line":177,"column":10},"end":{"line":177,"column":36}}]},"54":{"type":"branch","line":186,"loc":{"start":{"line":186,"column":22},"end":{"line":186,"column":40}},"locations":[{"start":{"line":186,"column":22},"end":{"line":186,"column":40}}]},"55":{"type":"branch","line":190,"loc":{"start":{"line":190,"column":22},"end":{"line":190,"column":42}},"locations":[{"start":{"line":190,"column":22},"end":{"line":190,"column":42}}]},"56":{"type":"branch","line":196,"loc":{"start":{"line":196,"column":6},"end":{"line":196,"column":129}},"locations":[{"start":{"line":196,"column":6},"end":{"line":196,"column":129}}]},"57":{"type":"branch","line":197,"loc":{"start":{"line":197,"column":6},"end":{"line":197,"column":135}},"locations":[{"start":{"line":197,"column":6},"end":{"line":197,"column":135}}]},"58":{"type":"branch","line":19,"loc":{"start":{"line":19,"column":16},"end":{"line":40,"column":25}},"locations":[{"start":{"line":19,"column":16},"end":{"line":40,"column":25}}]},"59":{"type":"branch","line":36,"loc":{"start":{"line":36,"column":28},"end":{"line":36,"column":65}},"locations":[{"start":{"line":36,"column":28},"end":{"line":36,"column":65}}]},"60":{"type":"branch","line":37,"loc":{"start":{"line":37,"column":29},"end":{"line":37,"column":63}},"locations":[{"start":{"line":37,"column":29},"end":{"line":37,"column":63}}]},"61":{"type":"branch","line":43,"loc":{"start":{"line":43,"column":16},"end":{"line":43,"column":50}},"locations":[{"start":{"line":43,"column":16},"end":{"line":43,"column":50}}]},"62":{"type":"branch","line":13,"loc":{"start":{"line":13,"column":25},"end":{"line":13,"column":41}},"locations":[{"start":{"line":13,"column":25},"end":{"line":13,"column":41}}]},"63":{"type":"branch","line":21,"loc":{"start":{"line":21,"column":24},"end":{"line":21,"column":46}},"locations":[{"start":{"line":21,"column":24},"end":{"line":21,"column":46}}]},"64":{"type":"branch","line":42,"loc":{"start":{"line":42,"column":31},"end":{"line":42,"column":51}},"locations":[{"start":{"line":42,"column":31},"end":{"line":42,"column":51}}]},"65":{"type":"branch","line":57,"loc":{"start":{"line":57,"column":25},"end":{"line":57,"column":39}},"locations":[{"start":{"line":57,"column":25},"end":{"line":57,"column":39}}]},"66":{"type":"branch","line":57,"loc":{"start":{"line":57,"column":25},"end":{"line":57,"column":39}},"locations":[{"start":{"line":57,"column":25},"end":{"line":57,"column":39}}]},"67":{"type":"branch","line":69,"loc":{"start":{"line":69,"column":44},"end":{"line":69,"column":80}},"locations":[{"start":{"line":69,"column":44},"end":{"line":69,"column":80}}]},"68":{"type":"branch","line":98,"loc":{"start":{"line":98,"column":27},"end":{"line":98,"column":38}},"locations":[{"start":{"line":98,"column":27},"end":{"line":98,"column":38}}]},"69":{"type":"branch","line":150,"loc":{"start":{"line":150,"column":16},"end":{"line":150,"column":39}},"locations":[{"start":{"line":150,"column":16},"end":{"line":150,"column":39}}]},"70":{"type":"branch","line":186,"loc":{"start":{"line":186,"column":22},"end":{"line":186,"column":40}},"locations":[{"start":{"line":186,"column":22},"end":{"line":186,"column":40}}]},"71":{"type":"branch","line":190,"loc":{"start":{"line":190,"column":22},"end":{"line":190,"column":42}},"locations":[{"start":{"line":190,"column":22},"end":{"line":190,"column":42}}]},"72":{"type":"branch","line":217,"loc":{"start":{"line":217,"column":20},"end":{"line":217,"column":62}},"locations":[{"start":{"line":217,"column":20},"end":{"line":217,"column":62}}]},"73":{"type":"branch","line":218,"loc":{"start":{"line":218,"column":21},"end":{"line":218,"column":63}},"locations":[{"start":{"line":218,"column":21},"end":{"line":218,"column":63}}]},"74":{"type":"branch","line":204,"loc":{"start":{"line":204,"column":16},"end":{"line":204,"column":41}},"locations":[{"start":{"line":204,"column":16},"end":{"line":204,"column":41}}]}},"b":{"0":[25],"1":[25],"2":[13],"3":[0],"4":[137],"5":[31],"6":[429],"7":[107],"8":[535],"9":[748],"10":[17],"11":[85],"12":[85],"13":[0],"14":[85],"15":[120],"16":[55],"17":[224],"18":[161],"19":[1],"20":[0],"21":[17],"22":[0],"23":[85],"24":[1],"25":[1],"26":[85],"27":[84],"28":[84],"29":[1],"30":[85],"31":[84],"32":[84],"33":[85],"34":[85],"35":[65],"36":[0],"37":[26],"38":[8],"39":[1],"40":[25],"41":[25],"42":[25],"43":[25],"44":[25],"45":[2],"46":[2],"47":[2],"48":[2],"49":[2],"50":[2],"51":[25],"52":[13],"53":[13],"54":[13],"55":[13],"56":[25],"57":[50],"58":[393],"59":[19],"60":[19],"61":[25],"62":[98],"63":[1],"64":[2],"65":[25],"66":[16],"67":[2],"68":[1],"69":[17],"70":[8],"71":[1],"72":[14],"73":[14],"74":[1]},"fnMap":{"0":{"name":"data","decl":{"start":{"line":235,"column":2},"end":{"line":258,"column":3}},"loc":{"start":{"line":235,"column":2},"end":{"line":258,"column":3}},"line":235},"1":{"name":"mounted","decl":{"start":{"line":259,"column":2},"end":{"line":267,"column":3}},"loc":{"start":{"line":259,"column":2},"end":{"line":267,"column":3}},"line":259},"2":{"name":"canGenerate","decl":{"start":{"line":269,"column":4},"end":{"line":273,"column":5}},"loc":{"start":{"line":269,"column":4},"end":{"line":273,"column":5}},"line":269},"3":{"name":"filteredTeammates","decl":{"start":{"line":274,"column":4},"end":{"line":278,"column":5}},"loc":{"start":{"line":274,"column":4},"end":{"line":278,"column":5}},"line":274},"4":{"name":"updateTeammatesList","decl":{"start":{"line":282,"column":4},"end":{"line":307,"column":5}},"loc":{"start":{"line":282,"column":4},"end":{"line":307,"column":5}},"line":282},"5":{"name":"autofillTeammate","decl":{"start":{"line":309,"column":4},"end":{"line":325,"column":5}},"loc":{"start":{"line":309,"column":4},"end":{"line":325,"column":5}},"line":309},"6":{"name":"generateComposition","decl":{"start":{"line":326,"column":2},"end":{"line":394,"column":5}},"loc":{"start":{"line":326,"column":2},"end":{"line":394,"column":5}},"line":326},"7":{"name":"getAgentIcon","decl":{"start":{"line":396,"column":4},"end":{"line":398,"column":5}},"loc":{"start":{"line":396,"column":4},"end":{"line":398,"column":5}},"line":396},"8":{"name":"resetGenerator","decl":{"start":{"line":400,"column":4},"end":{"line":405,"column":5}},"loc":{"start":{"line":400,"column":4},"end":{"line":405,"column":5}},"line":400},"9":{"name":"clearRoleHistory","decl":{"start":{"line":407,"column":4},"end":{"line":409,"column":5}},"loc":{"start":{"line":407,"column":4},"end":{"line":409,"column":5}},"line":407},"10":{"name":"onUpdate:modelValue","decl":{"start":{"line":13,"column":25},"end":{"line":13,"column":41}},"loc":{"start":{"line":13,"column":25},"end":{"line":13,"column":41}},"line":13},"11":{"name":"onClick","decl":{"start":{"line":21,"column":24},"end":{"line":21,"column":46}},"loc":{"start":{"line":21,"column":24},"end":{"line":21,"column":46}},"line":21},"12":{"name":"__vite_ssr_import_3__.createElementBlock.__vite_ssr_import_3__.createElementBlock.onMouseover._cache.<computed>._cache.<computed>","decl":{"start":{"line":36,"column":28},"end":{"line":36,"column":65}},"loc":{"start":{"line":36,"column":28},"end":{"line":36,"column":65}},"line":36},"13":{"name":"__vite_ssr_import_3__.createElementBlock.__vite_ssr_import_3__.createElementBlock.onMouseleave._cache.<computed>._cache.<computed>","decl":{"start":{"line":37,"column":29},"end":{"line":37,"column":63}},"loc":{"start":{"line":37,"column":29},"end":{"line":37,"column":63}},"line":37},"14":{"name":"onUpdate:modelValue","decl":{"start":{"line":42,"column":31},"end":{"line":42,"column":51}},"loc":{"start":{"line":42,"column":31},"end":{"line":42,"column":51}},"line":42},"15":{"name":"__vite_ssr_import_3__.createElementBlock.__vite_ssr_import_3__.withDirectives.__vite_ssr_import_3__.createElementVNode.onUpdate:modelValue._cache.<computed>._cache.<computed>","decl":{"start":{"line":57,"column":25},"end":{"line":57,"column":39}},"loc":{"start":{"line":57,"column":25},"end":{"line":57,"column":39}},"line":57},"16":{"name":"__vite_ssr_import_3__.createElementBlock.__vite_ssr_import_3__.createElementVNode.__vite_ssr_import_3__.createElementBlock.__vite_ssr_import_3__.createElementVNode.__vite_ssr_import_3__.createElementVNode.onClick._cache.<computed>._cache.<computed>","decl":{"start":{"line":69,"column":44},"end":{"line":69,"column":80}},"loc":{"start":{"line":69,"column":44},"end":{"line":69,"column":80}},"line":69},"17":{"name":"__vite_ssr_import_3__.createElementBlock.__vite_ssr_import_3__.createElementVNode.__vite_ssr_import_3__.createElementBlock.__vite_ssr_import_3__.createElementVNode.__vite_ssr_import_3__.createElementBlock.__vite_ssr_import_3__.createElementVNode.__vite_ssr_import_3__.createElementVNode.__vite_ssr_import_3__.withDirectives.__vite_ssr_import_3__.createElementVNode.onUpdate:modelValue._cache.<computed>._cache.<computed>","decl":{"start":{"line":78,"column":27},"end":{"line":78,"column":38}},"loc":{"start":{"line":78,"column":27},"end":{"line":78,"column":38}},"line":78},"18":{"name":"__vite_ssr_import_3__.createElementBlock.__vite_ssr_import_3__.createElementVNode.__vite_ssr_import_3__.createElementBlock.__vite_ssr_import_3__.createElementVNode.__vite_ssr_import_3__.createElementBlock.__vite_ssr_import_3__.createElementVNode.__vite_ssr_import_3__.createElementVNode.__vite_ssr_import_3__.withDirectives.__vite_ssr_import_3__.createElementVNode.onUpdate:modelValue._cache.<computed>._cache.<computed>","decl":{"start":{"line":88,"column":27},"end":{"line":88,"column":38}},"loc":{"start":{"line":88,"column":27},"end":{"line":88,"column":38}},"line":88},"19":{"name":"__vite_ssr_import_3__.createElementBlock.__vite_ssr_import_3__.createElementVNode.__vite_ssr_import_3__.createElementBlock.__vite_ssr_import_3__.createElementVNode.__vite_ssr_import_3__.createElementBlock.__vite_ssr_import_3__.createElementVNode.__vite_ssr_import_3__.createElementVNode.__vite_ssr_import_3__.withDirectives.__vite_ssr_import_3__.createElementVNode.onUpdate:modelValue._cache.<computed>._cache.<computed>","decl":{"start":{"line":98,"column":27},"end":{"line":98,"column":38}},"loc":{"start":{"line":98,"column":27},"end":{"line":98,"column":38}},"line":98},"20":{"name":"onUpdate:modelValue","decl":{"start":{"line":116,"column":33},"end":{"line":116,"column":52}},"loc":{"start":{"line":116,"column":33},"end":{"line":116,"column":52}},"line":116},"21":{"name":"onUpdate:modelValue","decl":{"start":{"line":131,"column":33},"end":{"line":131,"column":52}},"loc":{"start":{"line":131,"column":33},"end":{"line":131,"column":52}},"line":131},"22":{"name":"__vite_ssr_import_3__.createElementBlock.__vite_ssr_import_3__.createElementVNode.__vite_ssr_import_3__.createElementBlock.__vite_ssr_import_3__.createElementVNode.onClick._cache.<computed>._cache.<computed>","decl":{"start":{"line":150,"column":16},"end":{"line":150,"column":39}},"loc":{"start":{"line":150,"column":16},"end":{"line":150,"column":39}},"line":150},"23":{"name":"__vite_ssr_import_3__.createElementBlock.__vite_ssr_import_3__.createElementVNode.__vite_ssr_import_3__.createElementBlock.__vite_ssr_import_3__.createElementVNode.onClick._cache.<computed>._cache.<computed>","decl":{"start":{"line":186,"column":22},"end":{"line":186,"column":40}},"loc":{"start":{"line":186,"column":22},"end":{"line":186,"column":40}},"line":186},"24":{"name":"__vite_ssr_import_3__.createElementBlock.__vite_ssr_import_3__.createElementVNode.__vite_ssr_import_3__.createElementBlock.__vite_ssr_import_3__.createElementVNode.onClick._cache.<computed>._cache.<computed>","decl":{"start":{"line":190,"column":22},"end":{"line":190,"column":42}},"loc":{"start":{"line":190,"column":22},"end":{"line":190,"column":42}},"line":190},"25":{"name":"onClick","decl":{"start":{"line":204,"column":16},"end":{"line":204,"column":41}},"loc":{"start":{"line":204,"column":16},"end":{"line":204,"column":41}},"line":204},"26":{"name":"__vite_ssr_import_3__.createElementBlock.onMouseover._cache.<computed>._cache.<computed>","decl":{"start":{"line":217,"column":20},"end":{"line":217,"column":62}},"loc":{"start":{"line":217,"column":20},"end":{"line":217,"column":62}},"line":217},"27":{"name":"__vite_ssr_import_3__.createElementBlock.onMouseleave._cache.<computed>._cache.<computed>","decl":{"start":{"line":218,"column":21},"end":{"line":218,"column":63}},"loc":{"start":{"line":218,"column":21},"end":{"line":218,"column":63}},"line":218}},"f":{"0":25,"1":25,"2":137,"3":107,"4":17,"5":1,"6":17,"7":26,"8":8,"9":1,"10":98,"11":1,"12":0,"13":0,"14":2,"15":16,"16":2,"17":0,"18":0,"19":1,"20":0,"21":0,"22":17,"23":8,"24":1,"25":1,"26":0,"27":0}}
,"C:\\Users\\pfabr\\Documents\\Github\\ValorantCompGenerator\\src\\main.js": {"path":"C:\\Users\\pfabr\\Documents\\Github\\ValorantCompGenerator\\src\\main.js","all":true,"statementMap":{"0":{"start":{"line":1,"column":0},"end":{"line":1,"column":31}},"1":{"start":{"line":2,"column":0},"end":{"line":2,"column":20}},"2":{"start":{"line":3,"column":0},"end":{"line":3,"column":27}},"3":{"start":{"line":4,"column":0},"end":{"line":4,"column":0}},"4":{"start":{"line":5,"column":0},"end":{"line":5,"column":28}}},"s":{"0":0,"1":0,"2":0,"3":0,"4":0},"branchMap":{"0":{"type":"branch","line":1,"loc":{"start":{"line":1,"column":114},"end":{"line":5,"column":28}},"locations":[{"start":{"line":1,"column":114},"end":{"line":5,"column":28}}]}},"b":{"0":[0]},"fnMap":{"0":{"name":"(empty-report)","decl":{"start":{"line":1,"column":114},"end":{"line":5,"column":28}},"loc":{"start":{"line":1,"column":114},"end":{"line":5,"column":28}},"line":1}},"f":{"0":0}}
,"C:\\Users\\pfabr\\Documents\\Github\\ValorantCompGenerator\\src\\data\\agents.js": {"path":"C:\\Users\\pfabr\\Documents\\Github\\ValorantCompGenerator\\src\\data\\agents.js","all":false,"statementMap":{"0":{"start":{"line":1,"column":0},"end":{"line":1,"column":22}},"1":{"start":{"line":2,"column":0},"end":{"line":2,"column":29}},"2":{"start":{"line":3,"column":0},"end":{"line":3,"column":14}},"3":{"start":{"line":4,"column":0},"end":{"line":4,"column":35}},"4":{"start":{"line":5,"column":0},"end":{"line":5,"column":37}},"5":{"start":{"line":6,"column":0},"end":{"line":6,"column":41}},"6":{"start":{"line":7,"column":0},"end":{"line":7,"column":35}},"7":{"start":{"line":8,"column":0},"end":{"line":8,"column":35}},"8":{"start":{"line":9,"column":0},"end":{"line":9,"column":35}},"9":{"start":{"line":10,"column":0},"end":{"line":10,"column":33}},"10":{"start":{"line":11,"column":0},"end":{"line":11,"column":38}},"11":{"start":{"line":12,"column":0},"end":{"line":12,"column":4}},"12":{"start":{"line":13,"column":0},"end":{"line":13,"column":17}},"13":{"start":{"line":14,"column":0},"end":{"line":14,"column":45}},"14":{"start":{"line":15,"column":0},"end":{"line":15,"column":35}},"15":{"start":{"line":16,"column":0},"end":{"line":16,"column":37}},"16":{"start":{"line":17,"column":0},"end":{"line":17,"column":37}},"17":{"start":{"line":18,"column":0},"end":{"line":18,"column":39}},"18":{"start":{"line":19,"column":0},"end":{"line":19,"column":36}},"19":{"start":{"line":20,"column":0},"end":{"line":20,"column":4}},"20":{"start":{"line":21,"column":0},"end":{"line":21,"column":16}},"21":{"start":{"line":22,"column":0},"end":{"line":22,"column":35}},"22":{"start":{"line":23,"column":0},"end":{"line":23,"column":39}},"23":{"start":{"line":24,"column":0},"end":{"line":24,"column":35}},"24":{"start":{"line":25,"column":0},"end":{"line":25,"column":37}},"25":{"start":{"line":26,"column":0},"end":{"line":26,"column":35}},"26":{"start":{"line":27,"column":0},"end":{"line":27,"column":36}},"27":{"start":{"line":28,"column":0},"end":{"line":28,"column":4}},"28":{"start":{"line":29,"column":0},"end":{"line":29,"column":15}},"29":{"start":{"line":30,"column":0},"end":{"line":30,"column":35}},"30":{"start":{"line":31,"column":0},"end":{"line":31,"column":39}},"31":{"start":{"line":32,"column":0},"end":{"line":32,"column":41}},"32":{"start":{"line":33,"column":0},"end":{"line":33,"column":41}},"33":{"start":{"line":34,"column":0},"end":{"line":34,"column":43}},"34":{"start":{"line":35,"column":0},"end":{"line":35,"column":34}},"35":{"start":{"line":36,"column":0},"end":{"line":36,"column":3}},"36":{"start":{"line":37,"column":0},"end":{"line":37,"column":2}},"37":{"start":{"line":38,"column":0},"end":{"line":38,"column":0}},"38":{"start":{"line":39,"column":0},"end":{"line":39,"column":19}},"39":{"start":{"line":40,"column":0},"end":{"line":40,"column":82}},"40":{"start":{"line":41,"column":0},"end":{"line":41,"column":81}},"41":{"start":{"line":42,"column":0},"end":{"line":42,"column":0}},"42":{"start":{"line":43,"column":0},"end":{"line":43,"column":71}},"43":{"start":{"line":44,"column":0},"end":{"line":44,"column":29}},"44":{"start":{"line":45,"column":0},"end":{"line":45,"column":81}},"45":{"start":{"line":46,"column":0},"end":{"line":46,"column":83}},"46":{"start":{"line":47,"column":0},"end":{"line":47,"column":87}},"47":{"start":{"line":48,"column":0},"end":{"line":48,"column":103}},"48":{"start":{"line":49,"column":0},"end":{"line":49,"column":81}},"49":{"start":{"line":50,"column":0},"end":{"line":50,"column":81}},"50":{"start":{"line":51,"column":0},"end":{"line":51,"column":63}},"51":{"start":{"line":52,"column":0},"end":{"line":52,"column":66}},"52":{"start":{"line":53,"column":0},"end":{"line":53,"column":91}},"53":{"start":{"line":54,"column":0},"end":{"line":54,"column":81}},"54":{"start":{"line":55,"column":0},"end":{"line":55,"column":83}},"55":{"start":{"line":56,"column":0},"end":{"line":56,"column":83}},"56":{"start":{"line":57,"column":0},"end":{"line":57,"column":85}},"57":{"start":{"line":58,"column":0},"end":{"line":58,"column":65}},"58":{"start":{"line":59,"column":0},"end":{"line":59,"column":81}},"59":{"start":{"line":60,"column":0},"end":{"line":60,"column":85}},"60":{"start":{"line":61,"column":0},"end":{"line":61,"column":81}},"61":{"start":{"line":62,"column":0},"end":{"line":62,"column":82}},"62":{"start":{"line":63,"column":0},"end":{"line":63,"column":81}},"63":{"start":{"line":64,"column":0},"end":{"line":64,"column":83}},"64":{"start":{"line":65,"column":0},"end":{"line":65,"column":81}},"65":{"start":{"line":66,"column":0},"end":{"line":66,"column":85}},"66":{"start":{"line":67,"column":0},"end":{"line":67,"column":87}},"67":{"start":{"line":68,"column":0},"end":{"line":68,"column":87}},"68":{"start":{"line":69,"column":0},"end":{"line":69,"column":89}},"69":{"start":{"line":70,"column":0},"end":{"line":70,"column":63}},"70":{"start":{"line":71,"column":0},"end":{"line":71,"column":2}}},"s":{"0":1,"1":1,"2":1,"3":1,"4":1,"5":1,"6":1,"7":1,"8":1,"9":1,"10":1,"11":1,"12":1,"13":1,"14":1,"15":1,"16":1,"17":1,"18":1,"19":1,"20":1,"21":1,"22":1,"23":1,"24":1,"25":1,"26":1,"27":1,"28":1,"29":1,"30":1,"31":1,"32":1,"33":1,"34":1,"35":1,"36":1,"37":1,"38":1,"39":1,"40":1,"41":1,"42":1,"43":1,"44":1,"45":1,"46":1,"47":1,"48":1,"49":1,"50":1,"51":1,"52":1,"53":1,"54":1,"55":1,"56":1,"57":1,"58":1,"59":1,"60":1,"61":1,"62":1,"63":1,"64":1,"65":1,"66":1,"67":1,"68":1,"69":1,"70":1},"branchMap":{},"b":{},"fnMap":{},"f":{}}
,"C:\\Users\\pfabr\\Documents\\Github\\ValorantCompGenerator\\src\\utils\\gameLogic.js": {"path":"C:\\Users\\pfabr\\Documents\\Github\\ValorantCompGenerator\\src\\utils\\gameLogic.js","all":false,"statementMap":{"0":{"start":{"line":1,"column":0},"end":{"line":1,"column":49}},"1":{"start":{"line":2,"column":0},"end":{"line":2,"column":0}},"2":{"start":{"line":3,"column":0},"end":{"line":3,"column":3}},"3":{"start":{"line":4,"column":0},"end":{"line":4,"column":76}},"4":{"start":{"line":5,"column":0},"end":{"line":5,"column":49}},"5":{"start":{"line":6,"column":0},"end":{"line":6,"column":107}},"6":{"start":{"line":7,"column":0},"end":{"line":7,"column":83}},"7":{"start":{"line":8,"column":0},"end":{"line":8,"column":63}},"8":{"start":{"line":9,"column":0},"end":{"line":9,"column":3}},"9":{"start":{"line":10,"column":0},"end":{"line":10,"column":72}},"10":{"start":{"line":11,"column":0},"end":{"line":11,"column":47}},"11":{"start":{"line":12,"column":0},"end":{"line":12,"column":39}},"12":{"start":{"line":13,"column":0},"end":{"line":13,"column":48}},"13":{"start":{"line":14,"column":0},"end":{"line":14,"column":2}},"14":{"start":{"line":15,"column":0},"end":{"line":15,"column":50}},"15":{"start":{"line":16,"column":0},"end":{"line":16,"column":60}},"16":{"start":{"line":17,"column":0},"end":{"line":17,"column":37}},"17":{"start":{"line":18,"column":0},"end":{"line":18,"column":50}},"18":{"start":{"line":19,"column":0},"end":{"line":19,"column":4}},"19":{"start":{"line":20,"column":0},"end":{"line":20,"column":55}},"20":{"start":{"line":21,"column":0},"end":{"line":21,"column":26}},"21":{"start":{"line":22,"column":0},"end":{"line":22,"column":47}},"22":{"start":{"line":23,"column":0},"end":{"line":23,"column":4}},"23":{"start":{"line":24,"column":0},"end":{"line":24,"column":33}},"24":{"start":{"line":25,"column":0},"end":{"line":25,"column":83}},"25":{"start":{"line":26,"column":0},"end":{"line":26,"column":56}},"26":{"start":{"line":27,"column":0},"end":{"line":27,"column":112}},"27":{"start":{"line":28,"column":0},"end":{"line":28,"column":6}},"28":{"start":{"line":29,"column":0},"end":{"line":29,"column":60}},"29":{"start":{"line":30,"column":0},"end":{"line":30,"column":65}},"30":{"start":{"line":31,"column":0},"end":{"line":31,"column":7}},"31":{"start":{"line":32,"column":0},"end":{"line":32,"column":4}},"32":{"start":{"line":33,"column":0},"end":{"line":33,"column":12}},"33":{"start":{"line":34,"column":0},"end":{"line":34,"column":25}},"34":{"start":{"line":35,"column":0},"end":{"line":35,"column":17}},"35":{"start":{"line":36,"column":0},"end":{"line":36,"column":17}},"36":{"start":{"line":37,"column":0},"end":{"line":37,"column":13}},"37":{"start":{"line":38,"column":0},"end":{"line":38,"column":6}},"38":{"start":{"line":39,"column":0},"end":{"line":39,"column":5}},"39":{"start":{"line":40,"column":0},"end":{"line":40,"column":2}},"40":{"start":{"line":41,"column":0},"end":{"line":41,"column":74}},"41":{"start":{"line":42,"column":0},"end":{"line":42,"column":36}},"42":{"start":{"line":43,"column":0},"end":{"line":43,"column":105}},"43":{"start":{"line":44,"column":0},"end":{"line":44,"column":105}},"44":{"start":{"line":45,"column":0},"end":{"line":45,"column":39}},"45":{"start":{"line":46,"column":0},"end":{"line":46,"column":5}},"46":{"start":{"line":47,"column":0},"end":{"line":47,"column":2}},"47":{"start":{"line":48,"column":0},"end":{"line":48,"column":70}},"48":{"start":{"line":49,"column":0},"end":{"line":49,"column":62}},"49":{"start":{"line":50,"column":0},"end":{"line":50,"column":24}},"50":{"start":{"line":51,"column":0},"end":{"line":51,"column":30}},"51":{"start":{"line":52,"column":0},"end":{"line":52,"column":4}},"52":{"start":{"line":53,"column":0},"end":{"line":53,"column":51}},"53":{"start":{"line":54,"column":0},"end":{"line":54,"column":53}},"54":{"start":{"line":55,"column":0},"end":{"line":55,"column":53}},"55":{"start":{"line":56,"column":0},"end":{"line":56,"column":44}},"56":{"start":{"line":57,"column":0},"end":{"line":57,"column":32}},"57":{"start":{"line":58,"column":0},"end":{"line":58,"column":28}},"58":{"start":{"line":59,"column":0},"end":{"line":59,"column":26}},"59":{"start":{"line":60,"column":0},"end":{"line":60,"column":9}},"60":{"start":{"line":61,"column":0},"end":{"line":61,"column":7}},"61":{"start":{"line":62,"column":0},"end":{"line":62,"column":7}},"62":{"start":{"line":63,"column":0},"end":{"line":63,"column":4}},"63":{"start":{"line":64,"column":0},"end":{"line":64,"column":61}},"64":{"start":{"line":65,"column":0},"end":{"line":65,"column":28}},"65":{"start":{"line":66,"column":0},"end":{"line":66,"column":42}},"66":{"start":{"line":67,"column":0},"end":{"line":67,"column":69}},"67":{"start":{"line":68,"column":0},"end":{"line":68,"column":57}},"68":{"start":{"line":69,"column":0},"end":{"line":69,"column":29}},"69":{"start":{"line":70,"column":0},"end":{"line":70,"column":57}},"70":{"start":{"line":71,"column":0},"end":{"line":71,"column":7}},"71":{"start":{"line":72,"column":0},"end":{"line":72,"column":5}},"72":{"start":{"line":73,"column":0},"end":{"line":73,"column":5}},"73":{"start":{"line":74,"column":0},"end":{"line":74,"column":2}},"74":{"start":{"line":75,"column":0},"end":{"line":75,"column":70}},"75":{"start":{"line":76,"column":0},"end":{"line":76,"column":25}},"76":{"start":{"line":77,"column":0},"end":{"line":77,"column":46}},"77":{"start":{"line":78,"column":0},"end":{"line":78,"column":22}},"78":{"start":{"line":79,"column":0},"end":{"line":79,"column":33}},"79":{"start":{"line":80,"column":0},"end":{"line":80,"column":97}},"80":{"start":{"line":81,"column":0},"end":{"line":81,"column":25}},"81":{"start":{"line":82,"column":0},"end":{"line":82,"column":7}},"82":{"start":{"line":83,"column":0},"end":{"line":83,"column":51}},"83":{"start":{"line":84,"column":0},"end":{"line":84,"column":60}},"84":{"start":{"line":85,"column":0},"end":{"line":85,"column":46}},"85":{"start":{"line":86,"column":0},"end":{"line":86,"column":25}},"86":{"start":{"line":87,"column":0},"end":{"line":87,"column":7}},"87":{"start":{"line":88,"column":0},"end":{"line":88,"column":5}},"88":{"start":{"line":89,"column":0},"end":{"line":89,"column":5}},"89":{"start":{"line":90,"column":0},"end":{"line":90,"column":2}},"90":{"start":{"line":91,"column":0},"end":{"line":91,"column":21}},"91":{"start":{"line":92,"column":0},"end":{"line":92,"column":1}},"92":{"start":{"line":93,"column":0},"end":{"line":93,"column":0}},"93":{"start":{"line":94,"column":0},"end":{"line":94,"column":3}},"94":{"start":{"line":95,"column":0},"end":{"line":95,"column":48}},"95":{"start":{"line":96,"column":0},"end":{"line":96,"column":46}},"96":{"start":{"line":97,"column":0},"end":{"line":97,"column":42}},"97":{"start":{"line":98,"column":0},"end":{"line":98,"column":3}},"98":{"start":{"line":99,"column":0},"end":{"line":99,"column":37}},"99":{"start":{"line":100,"column":0},"end":{"line":100,"column":30}},"100":{"start":{"line":101,"column":0},"end":{"line":101,"column":49}},"101":{"start":{"line":102,"column":0},"end":{"line":102,"column":50}},"102":{"start":{"line":103,"column":0},"end":{"line":103,"column":60}},"103":{"start":{"line":104,"column":0},"end":{"line":104,"column":3}},"104":{"start":{"line":105,"column":0},"end":{"line":105,"column":18}},"105":{"start":{"line":106,"column":0},"end":{"line":106,"column":1}},"106":{"start":{"line":107,"column":0},"end":{"line":107,"column":0}},"107":{"start":{"line":108,"column":0},"end":{"line":108,"column":3}},"108":{"start":{"line":109,"column":0},"end":{"line":109,"column":47}},"109":{"start":{"line":110,"column":0},"end":{"line":110,"column":52}},"110":{"start":{"line":111,"column":0},"end":{"line":111,"column":65}},"111":{"start":{"line":112,"column":0},"end":{"line":112,"column":35}},"112":{"start":{"line":113,"column":0},"end":{"line":113,"column":3}},"113":{"start":{"line":114,"column":0},"end":{"line":114,"column":55}},"114":{"start":{"line":115,"column":0},"end":{"line":115,"column":111}},"115":{"start":{"line":116,"column":0},"end":{"line":116,"column":1}},"116":{"start":{"line":117,"column":0},"end":{"line":117,"column":0}},"117":{"start":{"line":118,"column":0},"end":{"line":118,"column":3}},"118":{"start":{"line":119,"column":0},"end":{"line":119,"column":47}},"119":{"start":{"line":120,"column":0},"end":{"line":120,"column":59}},"120":{"start":{"line":121,"column":0},"end":{"line":121,"column":46}},"121":{"start":{"line":122,"column":0},"end":{"line":122,"column":3}},"122":{"start":{"line":123,"column":0},"end":{"line":123,"column":50}},"123":{"start":{"line":124,"column":0},"end":{"line":124,"column":24}},"124":{"start":{"line":125,"column":0},"end":{"line":125,"column":37}},"125":{"start":{"line":126,"column":0},"end":{"line":126,"column":33}},"126":{"start":{"line":127,"column":0},"end":{"line":127,"column":51}},"127":{"start":{"line":128,"column":0},"end":{"line":128,"column":5}},"128":{"start":{"line":129,"column":0},"end":{"line":129,"column":20}},"129":{"start":{"line":130,"column":0},"end":{"line":130,"column":1}},"130":{"start":{"line":131,"column":0},"end":{"line":131,"column":0}},"131":{"start":{"line":132,"column":0},"end":{"line":132,"column":3}},"132":{"start":{"line":133,"column":0},"end":{"line":133,"column":55}},"133":{"start":{"line":134,"column":0},"end":{"line":134,"column":54}},"134":{"start":{"line":135,"column":0},"end":{"line":135,"column":83}},"135":{"start":{"line":136,"column":0},"end":{"line":136,"column":70}},"136":{"start":{"line":137,"column":0},"end":{"line":137,"column":76}},"137":{"start":{"line":138,"column":0},"end":{"line":138,"column":90}},"138":{"start":{"line":139,"column":0},"end":{"line":139,"column":59}},"139":{"start":{"line":140,"column":0},"end":{"line":140,"column":3}},"140":{"start":{"line":141,"column":0},"end":{"line":141,"column":93}},"141":{"start":{"line":142,"column":0},"end":{"line":142,"column":53}},"142":{"start":{"line":143,"column":0},"end":{"line":143,"column":29}},"143":{"start":{"line":144,"column":0},"end":{"line":144,"column":16}},"144":{"start":{"line":145,"column":0},"end":{"line":145,"column":3}},"145":{"start":{"line":146,"column":0},"end":{"line":146,"column":2}},"146":{"start":{"line":147,"column":0},"end":{"line":147,"column":91}},"147":{"start":{"line":148,"column":0},"end":{"line":148,"column":31}},"148":{"start":{"line":149,"column":0},"end":{"line":149,"column":92}},"149":{"start":{"line":150,"column":0},"end":{"line":150,"column":4}},"150":{"start":{"line":151,"column":0},"end":{"line":151,"column":82}},"151":{"start":{"line":152,"column":0},"end":{"line":152,"column":39}},"152":{"start":{"line":153,"column":0},"end":{"line":153,"column":43}},"153":{"start":{"line":154,"column":0},"end":{"line":154,"column":71}},"154":{"start":{"line":155,"column":0},"end":{"line":155,"column":41}},"155":{"start":{"line":156,"column":0},"end":{"line":156,"column":5}},"156":{"start":{"line":157,"column":0},"end":{"line":157,"column":4}},"157":{"start":{"line":158,"column":0},"end":{"line":158,"column":75}},"158":{"start":{"line":159,"column":0},"end":{"line":159,"column":60}},"159":{"start":{"line":160,"column":0},"end":{"line":160,"column":34}},"160":{"start":{"line":161,"column":0},"end":{"line":161,"column":25}},"161":{"start":{"line":162,"column":0},"end":{"line":162,"column":3}},"162":{"start":{"line":163,"column":0},"end":{"line":163,"column":2}},"163":{"start":{"line":164,"column":0},"end":{"line":164,"column":56}},"164":{"start":{"line":165,"column":0},"end":{"line":165,"column":29}},"165":{"start":{"line":166,"column":0},"end":{"line":166,"column":43}},"166":{"start":{"line":167,"column":0},"end":{"line":167,"column":4}},"167":{"start":{"line":168,"column":0},"end":{"line":168,"column":74}},"168":{"start":{"line":169,"column":0},"end":{"line":169,"column":54}},"169":{"start":{"line":170,"column":0},"end":{"line":170,"column":34}},"170":{"start":{"line":171,"column":0},"end":{"line":171,"column":25}},"171":{"start":{"line":172,"column":0},"end":{"line":172,"column":5}},"172":{"start":{"line":173,"column":0},"end":{"line":173,"column":3}},"173":{"start":{"line":174,"column":0},"end":{"line":174,"column":2}},"174":{"start":{"line":175,"column":0},"end":{"line":175,"column":70}},"175":{"start":{"line":176,"column":0},"end":{"line":176,"column":14}},"176":{"start":{"line":177,"column":0},"end":{"line":177,"column":1}}},"s":{"0":1,"1":1,"2":1,"3":1,"4":1,"5":1,"6":1,"7":1,"8":1,"9":1,"10":33,"11":33,"12":33,"13":33,"14":33,"15":33,"16":164,"17":164,"18":164,"19":164,"20":164,"21":164,"22":164,"23":164,"24":652,"25":652,"26":652,"27":652,"28":652,"29":652,"30":164,"31":164,"32":164,"33":164,"34":164,"35":164,"36":164,"37":164,"38":33,"39":33,"40":33,"41":33,"42":263,"43":263,"44":263,"45":33,"46":33,"47":33,"48":33,"49":164,"50":164,"51":164,"52":164,"53":164,"54":816,"55":490,"56":490,"57":255,"58":255,"59":255,"60":490,"61":164,"62":164,"63":164,"64":164,"65":164,"66":164,"67":164,"68":164,"69":164,"70":164,"71":164,"72":33,"73":33,"74":33,"75":33,"76":33,"77":164,"78":0,"79":0,"80":0,"81":0,"82":0,"83":0,"84":0,"85":0,"86":0,"87":0,"88":33,"89":33,"90":33,"91":33,"92":1,"93":1,"94":1,"95":1,"96":1,"97":1,"98":1,"99":5,"100":5,"101":9,"102":9,"103":9,"104":5,"105":5,"106":1,"107":1,"108":1,"109":1,"110":1,"111":1,"112":1,"113":1,"114":31,"115":31,"116":1,"117":1,"118":1,"119":1,"120":1,"121":1,"122":1,"123":20,"124":20,"125":91,"126":91,"127":20,"128":20,"129":20,"130":1,"131":1,"132":1,"133":1,"134":1,"135":1,"136":1,"137":1,"138":1,"139":1,"140":1,"141":92,"142":92,"143":86,"144":86,"145":6,"146":6,"147":7,"148":3,"149":3,"150":3,"151":3,"152":1,"153":1,"154":1,"155":1,"156":2,"157":2,"158":2,"159":2,"160":2,"161":2,"162":3,"163":3,"164":3,"165":3,"166":3,"167":3,"168":3,"169":1,"170":1,"171":1,"172":3,"173":2,"174":2,"175":2,"176":2},"branchMap":{"0":{"type":"branch","line":10,"loc":{"start":{"line":10,"column":7},"end":{"line":92,"column":1}},"locations":[{"start":{"line":10,"column":7},"end":{"line":92,"column":1}}]},"1":{"type":"branch","line":16,"loc":{"start":{"line":16,"column":40},"end":{"line":39,"column":3}},"locations":[{"start":{"line":16,"column":40},"end":{"line":39,"column":3}}]},"2":{"type":"branch","line":18,"loc":{"start":{"line":18,"column":44},"end":{"line":18,"column":49}},"locations":[{"start":{"line":18,"column":44},"end":{"line":18,"column":49}}]},"3":{"type":"branch","line":24,"loc":{"start":{"line":24,"column":24},"end":{"line":31,"column":5}},"locations":[{"start":{"line":24,"column":24},"end":{"line":31,"column":5}}]},"4":{"type":"branch","line":27,"loc":{"start":{"line":27,"column":50},"end":{"line":27,"column":107}},"locations":[{"start":{"line":27,"column":50},"end":{"line":27,"column":107}}]},"5":{"type":"branch","line":27,"loc":{"start":{"line":27,"column":108},"end":{"line":27,"column":111}},"locations":[{"start":{"line":27,"column":108},"end":{"line":27,"column":111}}]},"6":{"type":"branch","line":42,"loc":{"start":{"line":42,"column":25},"end":{"line":46,"column":3}},"locations":[{"start":{"line":42,"column":25},"end":{"line":46,"column":3}}]},"7":{"type":"branch","line":43,"loc":{"start":{"line":43,"column":60},"end":{"line":43,"column":100}},"locations":[{"start":{"line":43,"column":60},"end":{"line":43,"column":100}}]},"8":{"type":"branch","line":44,"loc":{"start":{"line":44,"column":60},"end":{"line":44,"column":100}},"locations":[{"start":{"line":44,"column":60},"end":{"line":44,"column":100}}]},"9":{"type":"branch","line":49,"loc":{"start":{"line":49,"column":28},"end":{"line":73,"column":3}},"locations":[{"start":{"line":49,"column":28},"end":{"line":73,"column":3}}]},"10":{"type":"branch","line":54,"loc":{"start":{"line":54,"column":27},"end":{"line":62,"column":5}},"locations":[{"start":{"line":54,"column":27},"end":{"line":62,"column":5}}]},"11":{"type":"branch","line":55,"loc":{"start":{"line":55,"column":25},"end":{"line":61,"column":7}},"locations":[{"start":{"line":55,"column":25},"end":{"line":61,"column":7}}]},"12":{"type":"branch","line":56,"loc":{"start":{"line":56,"column":39},"end":{"line":56,"column":43}},"locations":[{"start":{"line":56,"column":39},"end":{"line":56,"column":43}}]},"13":{"type":"branch","line":57,"loc":{"start":{"line":57,"column":31},"end":{"line":60,"column":9}},"locations":[{"start":{"line":57,"column":31},"end":{"line":60,"column":9}}]},"14":{"type":"branch","line":77,"loc":{"start":{"line":77,"column":22},"end":{"line":89,"column":3}},"locations":[{"start":{"line":77,"column":22},"end":{"line":89,"column":3}}]},"15":{"type":"branch","line":78,"loc":{"start":{"line":78,"column":21},"end":{"line":88,"column":5}},"locations":[{"start":{"line":78,"column":21},"end":{"line":88,"column":5}}]},"16":{"type":"branch","line":99,"loc":{"start":{"line":99,"column":7},"end":{"line":106,"column":1}},"locations":[{"start":{"line":99,"column":7},"end":{"line":106,"column":1}}]},"17":{"type":"branch","line":101,"loc":{"start":{"line":101,"column":48},"end":{"line":104,"column":3}},"locations":[{"start":{"line":101,"column":48},"end":{"line":104,"column":3}}]},"18":{"type":"branch","line":114,"loc":{"start":{"line":114,"column":7},"end":{"line":116,"column":1}},"locations":[{"start":{"line":114,"column":7},"end":{"line":116,"column":1}}]},"19":{"type":"branch","line":115,"loc":{"start":{"line":115,"column":33},"end":{"line":115,"column":110}},"locations":[{"start":{"line":115,"column":33},"end":{"line":115,"column":110}}]},"20":{"type":"branch","line":123,"loc":{"start":{"line":123,"column":7},"end":{"line":130,"column":1}},"locations":[{"start":{"line":123,"column":7},"end":{"line":130,"column":1}}]},"21":{"type":"branch","line":125,"loc":{"start":{"line":125,"column":22},"end":{"line":128,"column":3}},"locations":[{"start":{"line":125,"column":22},"end":{"line":128,"column":3}}]},"22":{"type":"branch","line":127,"loc":{"start":{"line":127,"column":41},"end":{"line":127,"column":45}},"locations":[{"start":{"line":127,"column":41},"end":{"line":127,"column":45}}]},"23":{"type":"branch","line":141,"loc":{"start":{"line":141,"column":7},"end":{"line":177,"column":1}},"locations":[{"start":{"line":141,"column":7},"end":{"line":177,"column":1}}]},"24":{"type":"branch","line":143,"loc":{"start":{"line":143,"column":28},"end":{"line":145,"column":3}},"locations":[{"start":{"line":143,"column":28},"end":{"line":145,"column":3}}]},"25":{"type":"branch","line":146,"loc":{"start":{"line":146,"column":-2},"end":{"line":177,"column":1}},"locations":[{"start":{"line":146,"column":-2},"end":{"line":177,"column":1}}]},"26":{"type":"branch","line":146,"loc":{"start":{"line":146,"column":-2},"end":{"line":148,"column":30}},"locations":[{"start":{"line":146,"column":-2},"end":{"line":148,"column":30}}]},"27":{"type":"branch","line":148,"loc":{"start":{"line":148,"column":30},"end":{"line":173,"column":3}},"locations":[{"start":{"line":148,"column":30},"end":{"line":173,"column":3}}]},"28":{"type":"branch","line":152,"loc":{"start":{"line":152,"column":38},"end":{"line":156,"column":5}},"locations":[{"start":{"line":152,"column":38},"end":{"line":156,"column":5}}]},"29":{"type":"branch","line":157,"loc":{"start":{"line":157,"column":-2},"end":{"line":162,"column":3}},"locations":[{"start":{"line":157,"column":-2},"end":{"line":162,"column":3}}]},"30":{"type":"branch","line":169,"loc":{"start":{"line":169,"column":20},"end":{"line":169,"column":51}},"locations":[{"start":{"line":169,"column":20},"end":{"line":169,"column":51}}]},"31":{"type":"branch","line":169,"loc":{"start":{"line":169,"column":53},"end":{"line":172,"column":5}},"locations":[{"start":{"line":169,"column":53},"end":{"line":172,"column":5}}]},"32":{"type":"branch","line":174,"loc":{"start":{"line":174,"column":-2},"end":{"line":177,"column":1}},"locations":[{"start":{"line":174,"column":-2},"end":{"line":177,"column":1}}]},"33":{"type":"branch","line":149,"loc":{"start":{"line":149,"column":54},"end":{"line":149,"column":90}},"locations":[{"start":{"line":149,"column":54},"end":{"line":149,"column":90}}]}},"b":{"0":[33],"1":[164],"2":[83],"3":[652],"4":[100],"5":[552],"6":[263],"7":[1046],"8":[1046],"9":[164],"10":[816],"11":[490],"12":[0],"13":[255],"14":[164],"15":[0],"16":[5],"17":[9],"18":[31],"19":[2],"20":[20],"21":[91],"22":[73],"23":[92],"24":[86],"25":[7],"26":[6],"27":[3],"28":[1],"29":[2],"30":[2],"31":[1],"32":[2],"33":[24]},"fnMap":{"0":{"name":"assignRolesWithHistory","decl":{"start":{"line":10,"column":7},"end":{"line":92,"column":1}},"loc":{"start":{"line":10,"column":7},"end":{"line":92,"column":1}},"line":10},"1":{"name":"shuffleArray","decl":{"start":{"line":99,"column":7},"end":{"line":106,"column":1}},"loc":{"start":{"line":99,"column":7},"end":{"line":106,"column":1}},"line":99},"2":{"name":"getAgentIcon","decl":{"start":{"line":114,"column":7},"end":{"line":116,"column":1}},"loc":{"start":{"line":114,"column":7},"end":{"line":116,"column":1}},"line":114},"3":{"name":"calculateRoleCounts","decl":{"start":{"line":123,"column":7},"end":{"line":130,"column":1}},"loc":{"start":{"line":123,"column":7},"end":{"line":130,"column":1}},"line":123},"4":{"name":"assignAgentForRole","decl":{"start":{"line":141,"column":7},"end":{"line":177,"column":1}},"loc":{"start":{"line":141,"column":7},"end":{"line":177,"column":1}},"line":141}},"f":{"0":33,"1":5,"2":31,"3":20,"4":92}}
}
